[ 2016-01-05T09:12:44+08:00 ] 127.0.0.1 /favicon.ico
ERR: 无法加载模块:Favicon

[ 2016-01-05T12:54:47+08:00 ] 192.168.122.249 /favicon.ico
ERR: 无法加载模块:Favicon

[ 2016-01-05T19:42:20+08:00 ] ::1 /thinkphp/Public/Admin/img/facebook.png
ERR: 无法加载模块:Public

[ 2016-01-05T19:42:20+08:00 ] ::1 /thinkphp/Public/Admin/img/twitter.png
ERR: 无法加载模块:Public

[ 2016-01-05T19:42:35+08:00 ] ::1 /thinkphp/index.php/user/index.html
ERR: 无法加载模块:User

[ 2016-01-05T19:42:38+08:00 ] ::1 /thinkphp/index.php/Config/add.html
ERR: 无法加载模块:Config

[ 2016-01-05T19:42:41+08:00 ] ::1 /thinkphp/index.php/Merchant/index.html
ERR: 无法加载模块:Merchant

[ 2016-01-05T19:42:43+08:00 ] ::1 /thinkphp/index.php/Order/index.html
ERR: 无法加载模块:Order

[ 2016-01-05T19:42:49+08:00 ] ::1 /thinkphp/index.php/Shop/index.html
ERR: 无法加载模块:Shop

[ 2016-01-05T19:42:52+08:00 ] ::1 /thinkphp/index.php/Rule/add.html
ERR: 无法加载模块:Rule

[ 2016-01-05T20:22:17+08:00 ] ::1 /thinkphp/index.php/thinkphp/index.php/Admin/Index/abc/qid/3.html
ERR: 无法加载模块:Thinkphp

[ 2016-01-05T22:33:46+08:00 ] 127.0.0.1 /favicon.ico
ERR: 无法加载模块:Favicon

[ 2016-01-05T22:36:10+08:00 ] 127.0.0.1 /Public/Home/js/jquery.min.map
ERR: 无法加载模块:Public

[ 2016-01-05T22:36:37+08:00 ] 127.0.0.1 /Public/Home/js/jquery.min.map
ERR: 无法加载模块:Public

[ 2016-01-05T22:40:11+08:00 ] 127.0.0.1 /Public/Home/js/jquery.min.map
ERR: 无法加载模块:Public

[ 2016-01-05T22:42:18+08:00 ] 127.0.0.1 /Public/Home/js/jquery.min.map
ERR: 无法加载模块:Public

[ 2016-01-05T22:42:22+08:00 ] 127.0.0.1 /Public/Home/js/jquery.min.map
ERR: 无法加载模块:Public

[ 2016-01-05T22:42:25+08:00 ] 127.0.0.1 /Public/Home/js/jquery.min.map
ERR: 无法加载模块:Public

