[ 2015-12-10T09:00:45+08:00 ] 127.0.0.1 /index.php/Admin/Manager/ajaxCheckName
INFO: [ app_begin ] --START--
INFO: Run Behavior\ReadHtmlCacheBehavior [ RunTime:0.001125s ]
INFO: [ app_begin ] --END-- [ RunTime:0.001888s ]
SQL: SHOW COLUMNS FROM `lamp_user` [ RunTime:0.0988s ]
SQL: SELECT COUNT(*) AS tp_count FROM `lamp_user` WHERE `username` = 'xiaowang' LIMIT 1   [ RunTime:0.1361s ]

[ 2015-12-10T09:00:52+08:00 ] 127.0.0.1 /index.php/Admin/User/show.html
ERR: 非法操作:show

[ 2015-12-10T11:17:27+08:00 ] 127.0.0.1 /index.php/Admin/Index/main/menu.html
ERR: 非法操作:main

[ 2015-12-10T11:18:19+08:00 ] 127.0.0.1 /index.php/Admin/Index/main/menu.html
ERR: 非法操作:main

[ 2015-12-10T11:40:41+08:00 ] 127.0.0.1 /index.php/Admin/Manager/ajaxCheckName
INFO: [ app_begin ] --START--
INFO: Run Behavior\ReadHtmlCacheBehavior [ RunTime:0.001185s ]
INFO: [ app_begin ] --END-- [ RunTime:0.001970s ]
SQL: SHOW COLUMNS FROM `lamp_user` [ RunTime:0.0037s ]
SQL: SELECT COUNT(*) AS tp_count FROM `lamp_user` WHERE `username` = 'xiaowang' LIMIT 1   [ RunTime:0.0004s ]

[ 2015-12-10T11:41:46+08:00 ] 127.0.0.1 /index.php/Admin/Manager/ajaxCheckName
INFO: [ app_begin ] --START--
INFO: Run Behavior\ReadHtmlCacheBehavior [ RunTime:0.000722s ]
INFO: [ app_begin ] --END-- [ RunTime:0.001254s ]
SQL: SHOW COLUMNS FROM `lamp_user` [ RunTime:0.0047s ]
SQL: SELECT COUNT(*) AS tp_count FROM `lamp_user` WHERE `username` = 'xiaowang' LIMIT 1   [ RunTime:0.0004s ]

[ 2015-12-10T11:42:07+08:00 ] 127.0.0.1 /index.php/Admin/Manager/ajaxCheckName
INFO: [ app_begin ] --START--
INFO: Run Behavior\ReadHtmlCacheBehavior [ RunTime:0.000502s ]
INFO: [ app_begin ] --END-- [ RunTime:0.000876s ]
SQL: SHOW COLUMNS FROM `lamp_user` [ RunTime:0.0047s ]
SQL: SELECT COUNT(*) AS tp_count FROM `lamp_user` WHERE `username` = 'xi' LIMIT 1   [ RunTime:0.0004s ]

[ 2015-12-10T11:42:11+08:00 ] 127.0.0.1 /index.php/Admin/Manager/ajaxCheckName
INFO: [ app_begin ] --START--
INFO: Run Behavior\ReadHtmlCacheBehavior [ RunTime:0.000748s ]
INFO: [ app_begin ] --END-- [ RunTime:0.001311s ]
SQL: SHOW COLUMNS FROM `lamp_user` [ RunTime:0.0040s ]
SQL: SELECT COUNT(*) AS tp_count FROM `lamp_user` WHERE `username` = 'xiaowang' LIMIT 1   [ RunTime:0.0003s ]

[ 2015-12-10T11:42:31+08:00 ] 127.0.0.1 /index.php/Admin/Manager/ajaxCheckName
INFO: [ app_begin ] --START--
INFO: Run Behavior\ReadHtmlCacheBehavior [ RunTime:0.001060s ]
INFO: [ app_begin ] --END-- [ RunTime:0.001824s ]
SQL: SHOW COLUMNS FROM `lamp_user` [ RunTime:0.0039s ]
SQL: SELECT COUNT(*) AS tp_count FROM `lamp_user` WHERE `username` = 'xiaowang' LIMIT 1   [ RunTime:0.0006s ]

[ 2015-12-10T11:47:31+08:00 ] 127.0.0.1 /index.php/Admin/Manager/ajaxCheckName
INFO: [ app_begin ] --START--
INFO: Run Behavior\ReadHtmlCacheBehavior [ RunTime:0.000898s ]
INFO: [ app_begin ] --END-- [ RunTime:0.001991s ]
SQL: SHOW COLUMNS FROM `lamp_user` [ RunTime:0.0046s ]
SQL: SELECT COUNT(*) AS tp_count FROM `lamp_user` WHERE `username` = 'xiaowang' LIMIT 1   [ RunTime:0.0007s ]

[ 2015-12-10T11:50:59+08:00 ] 127.0.0.1 /index.php/Admin/Index/%7BU('Admin/Manager/lyout')%7D
ERR: 非法操作:{U('Admin

[ 2015-12-10T11:51:10+08:00 ] 127.0.0.1 /index.php/Admin/Index/%7BU('Admin/Manager/lyout')%7D
ERR: 非法操作:{U('Admin

[ 2015-12-10T11:51:20+08:00 ] 127.0.0.1 /index.php/Admin/Manager/ajaxCheckName
INFO: [ app_begin ] --START--
INFO: Run Behavior\ReadHtmlCacheBehavior [ RunTime:0.001453s ]
INFO: [ app_begin ] --END-- [ RunTime:0.002649s ]
SQL: SHOW COLUMNS FROM `lamp_user` [ RunTime:0.0039s ]
SQL: SELECT COUNT(*) AS tp_count FROM `lamp_user` WHERE `username` = 'xiaowang' LIMIT 1   [ RunTime:0.0003s ]

[ 2015-12-10T11:58:38+08:00 ] 127.0.0.1 /index.php/Admin/Manager/ajaxCheckName
INFO: [ app_begin ] --START--
INFO: Run Behavior\ReadHtmlCacheBehavior [ RunTime:0.001028s ]
INFO: [ app_begin ] --END-- [ RunTime:0.001816s ]
SQL: SHOW COLUMNS FROM `lamp_user` [ RunTime:0.0053s ]
SQL: SELECT COUNT(*) AS tp_count FROM `lamp_user` WHERE `username` = 'xi' LIMIT 1   [ RunTime:0.0003s ]

[ 2015-12-10T11:58:41+08:00 ] 127.0.0.1 /index.php/Admin/Manager/ajaxCheckName
INFO: [ app_begin ] --START--
INFO: Run Behavior\ReadHtmlCacheBehavior [ RunTime:0.000488s ]
INFO: [ app_begin ] --END-- [ RunTime:0.000884s ]
SQL: SHOW COLUMNS FROM `lamp_user` [ RunTime:0.0050s ]
SQL: SELECT COUNT(*) AS tp_count FROM `lamp_user` WHERE `username` = 'xiaowang' LIMIT 1   [ RunTime:0.0004s ]

[ 2015-12-10T11:58:56+08:00 ] 127.0.0.1 /index.php/Admin/Manager/ajaxCheckName
INFO: [ app_begin ] --START--
INFO: Run Behavior\ReadHtmlCacheBehavior [ RunTime:0.000650s ]
INFO: [ app_begin ] --END-- [ RunTime:0.001109s ]
SQL: SHOW COLUMNS FROM `lamp_user` [ RunTime:0.0038s ]
SQL: SELECT COUNT(*) AS tp_count FROM `lamp_user` WHERE `username` = 'xiaowang' LIMIT 1   [ RunTime:0.0005s ]

[ 2015-12-10T11:59:48+08:00 ] 127.0.0.1 /index.php/Admin/Manager/ajaxCheckName
INFO: [ app_begin ] --START--
INFO: Run Behavior\ReadHtmlCacheBehavior [ RunTime:0.000757s ]
INFO: [ app_begin ] --END-- [ RunTime:0.001378s ]
SQL: SHOW COLUMNS FROM `lamp_user` [ RunTime:0.0042s ]
SQL: SELECT COUNT(*) AS tp_count FROM `lamp_user` WHERE `username` = 'xiaowang' LIMIT 1   [ RunTime:0.0005s ]

[ 2015-12-10T12:02:08+08:00 ] 127.0.0.1 /index.php/Admin/Manager/ajaxCheckName
INFO: [ app_begin ] --START--
INFO: Run Behavior\ReadHtmlCacheBehavior [ RunTime:0.000481s ]
INFO: [ app_begin ] --END-- [ RunTime:0.000831s ]
SQL: SHOW COLUMNS FROM `lamp_user` [ RunTime:0.0028s ]
SQL: SELECT COUNT(*) AS tp_count FROM `lamp_user` WHERE `username` = 'xiaowang' LIMIT 1   [ RunTime:0.0004s ]

[ 2015-12-10T12:03:00+08:00 ] 127.0.0.1 /index.php/Admin/Manager/ajaxCheckName
INFO: [ app_begin ] --START--
INFO: Run Behavior\ReadHtmlCacheBehavior [ RunTime:0.000592s ]
INFO: [ app_begin ] --END-- [ RunTime:0.001003s ]
SQL: SHOW COLUMNS FROM `lamp_user` [ RunTime:0.0035s ]
SQL: SELECT COUNT(*) AS tp_count FROM `lamp_user` WHERE `username` = 'xiao' LIMIT 1   [ RunTime:0.0004s ]

[ 2015-12-10T12:03:16+08:00 ] 127.0.0.1 /index.php/Admin/Manager/ajaxCheckName
INFO: [ app_begin ] --START--
INFO: Run Behavior\ReadHtmlCacheBehavior [ RunTime:0.000688s ]
INFO: [ app_begin ] --END-- [ RunTime:0.001170s ]
SQL: SHOW COLUMNS FROM `lamp_user` [ RunTime:0.0045s ]
SQL: SELECT COUNT(*) AS tp_count FROM `lamp_user` WHERE `username` = 'xiao' LIMIT 1   [ RunTime:0.0004s ]

[ 2015-12-10T12:04:48+08:00 ] 127.0.0.1 /index.php/Admin/Manager/ajaxCheckName
INFO: [ app_begin ] --START--
INFO: Run Behavior\ReadHtmlCacheBehavior [ RunTime:0.000818s ]
INFO: [ app_begin ] --END-- [ RunTime:0.001506s ]
SQL: SHOW COLUMNS FROM `lamp_user` [ RunTime:0.0036s ]
SQL: SELECT COUNT(*) AS tp_count FROM `lamp_user` WHERE `username` = 'xiao' LIMIT 1   [ RunTime:0.0003s ]

[ 2015-12-10T12:05:25+08:00 ] 127.0.0.1 /index.php/Admin/Manager/ajaxCheckName
INFO: [ app_begin ] --START--
INFO: Run Behavior\ReadHtmlCacheBehavior [ RunTime:0.000822s ]
INFO: [ app_begin ] --END-- [ RunTime:0.001515s ]
SQL: SHOW COLUMNS FROM `lamp_user` [ RunTime:0.0044s ]
SQL: SELECT COUNT(*) AS tp_count FROM `lamp_user` WHERE `username` = 'xiaowang' LIMIT 1   [ RunTime:0.0005s ]

[ 2015-12-10T12:05:39+08:00 ] 127.0.0.1 /index.php/Admin/Manager/ajaxCheckName
INFO: [ app_begin ] --START--
INFO: Run Behavior\ReadHtmlCacheBehavior [ RunTime:0.001361s ]
INFO: [ app_begin ] --END-- [ RunTime:0.002189s ]
SQL: SHOW COLUMNS FROM `lamp_user` [ RunTime:0.0033s ]
SQL: SELECT COUNT(*) AS tp_count FROM `lamp_user` WHERE `username` = 'xiaowang' LIMIT 1   [ RunTime:0.0003s ]

[ 2015-12-10T12:06:28+08:00 ] 127.0.0.1 /index.php/Admin/Manager/ajaxCheckName
INFO: [ app_begin ] --START--
INFO: Run Behavior\ReadHtmlCacheBehavior [ RunTime:0.000717s ]
INFO: [ app_begin ] --END-- [ RunTime:0.001351s ]
SQL: SHOW COLUMNS FROM `lamp_user` [ RunTime:0.0028s ]
SQL: SELECT COUNT(*) AS tp_count FROM `lamp_user` WHERE `username` = 'xiaowang' LIMIT 1   [ RunTime:0.0003s ]

[ 2015-12-10T12:07:15+08:00 ] 127.0.0.1 /index.php/Admin/Manager/ajaxCheckName
INFO: [ app_begin ] --START--
INFO: Run Behavior\ReadHtmlCacheBehavior [ RunTime:0.000895s ]
INFO: [ app_begin ] --END-- [ RunTime:0.001676s ]
SQL: SHOW COLUMNS FROM `lamp_user` [ RunTime:0.0057s ]
SQL: SELECT COUNT(*) AS tp_count FROM `lamp_user` WHERE `username` = 'xiaowang' LIMIT 1   [ RunTime:0.0004s ]

[ 2015-12-10T12:07:35+08:00 ] 127.0.0.1 /index.php/Admin/Manager/ajaxCheckName
INFO: [ app_begin ] --START--
INFO: Run Behavior\ReadHtmlCacheBehavior [ RunTime:0.000638s ]
INFO: [ app_begin ] --END-- [ RunTime:0.001276s ]
SQL: SHOW COLUMNS FROM `lamp_user` [ RunTime:0.0036s ]
SQL: SELECT COUNT(*) AS tp_count FROM `lamp_user` WHERE `username` = 'xiaowang' LIMIT 1   [ RunTime:0.0004s ]

[ 2015-12-10T12:14:35+08:00 ] 127.0.0.1 /index.php/Admin/Manager/ajaxCheckName
INFO: [ app_begin ] --START--
INFO: Run Behavior\ReadHtmlCacheBehavior [ RunTime:0.000554s ]
INFO: [ app_begin ] --END-- [ RunTime:0.001017s ]
SQL: SHOW COLUMNS FROM `lamp_user` [ RunTime:0.0046s ]
SQL: SELECT COUNT(*) AS tp_count FROM `lamp_user` WHERE `username` = 'xi' LIMIT 1   [ RunTime:0.0004s ]

[ 2015-12-10T12:14:39+08:00 ] 127.0.0.1 /index.php/Admin/Manager/ajaxCheckName
INFO: [ app_begin ] --START--
INFO: Run Behavior\ReadHtmlCacheBehavior [ RunTime:0.000782s ]
INFO: [ app_begin ] --END-- [ RunTime:0.001386s ]
SQL: SHOW COLUMNS FROM `lamp_user` [ RunTime:0.0040s ]
SQL: SELECT COUNT(*) AS tp_count FROM `lamp_user` WHERE `username` = 'xiaowang' LIMIT 1   [ RunTime:0.0005s ]

[ 2015-12-10T12:16:07+08:00 ] 127.0.0.1 /index.php/Admin/Index/index.html
ERR: 1064:You have an error in your SQL syntax; check the manual that corresponds to your MySQL server version for the right syntax to use near ')' at line 1
 [ SQL语句 ] : SELECT * FROM `lamp_user` WHERE ( id = ) 

[ 2015-12-10T12:20:28+08:00 ] 127.0.0.1 /index.php/Admin/Manager/ajaxCheckName
INFO: [ app_begin ] --START--
INFO: Run Behavior\ReadHtmlCacheBehavior [ RunTime:0.000708s ]
INFO: [ app_begin ] --END-- [ RunTime:0.001254s ]
SQL: SHOW COLUMNS FROM `lamp_user` [ RunTime:0.0031s ]
SQL: SELECT COUNT(*) AS tp_count FROM `lamp_user` WHERE `username` = 'xiaowang' LIMIT 1   [ RunTime:0.0017s ]

[ 2015-12-10T12:22:05+08:00 ] 127.0.0.1 /index.php/Admin/Manager/ajaxCheckName
INFO: [ app_begin ] --START--
INFO: Run Behavior\ReadHtmlCacheBehavior [ RunTime:0.000870s ]
INFO: [ app_begin ] --END-- [ RunTime:0.001633s ]
SQL: SHOW COLUMNS FROM `lamp_user` [ RunTime:0.0043s ]
SQL: SELECT COUNT(*) AS tp_count FROM `lamp_user` WHERE `username` = 'xiaowang' LIMIT 1   [ RunTime:0.0006s ]

[ 2015-12-10T12:24:44+08:00 ] 127.0.0.1 /index.php/Admin/Manager/ajaxCheckName
INFO: [ app_begin ] --START--
INFO: Run Behavior\ReadHtmlCacheBehavior [ RunTime:0.000492s ]
INFO: [ app_begin ] --END-- [ RunTime:0.000963s ]
SQL: SHOW COLUMNS FROM `lamp_user` [ RunTime:0.0038s ]
SQL: SELECT COUNT(*) AS tp_count FROM `lamp_user` WHERE `username` = 'xiaowang' LIMIT 1   [ RunTime:0.0014s ]

[ 2015-12-10T12:27:00+08:00 ] 127.0.0.1 /index.php/Admin/Manager/ajaxCheckName
INFO: [ app_begin ] --START--
INFO: Run Behavior\ReadHtmlCacheBehavior [ RunTime:0.000622s ]
INFO: [ app_begin ] --END-- [ RunTime:0.001074s ]
SQL: SHOW COLUMNS FROM `lamp_user` [ RunTime:0.0030s ]
SQL: SELECT COUNT(*) AS tp_count FROM `lamp_user` WHERE `username` = 'xiaowang' LIMIT 1   [ RunTime:0.0003s ]

[ 2015-12-10T15:36:24+08:00 ] 127.0.0.1 /index.php/Admin/Login/login
ERR: 无法加载控制器:Login

[ 2015-12-10T15:39:35+08:00 ] 127.0.0.1 /index.php/Admin/Login/login
ERR: 无法加载控制器:Login

[ 2015-12-10T16:14:56+08:00 ] 127.0.0.1 /index.php/Admin/Manager/ajaxCheckName
INFO: [ app_begin ] --START--
INFO: Run Behavior\ReadHtmlCacheBehavior [ RunTime:0.001155s ]
INFO: [ app_begin ] --END-- [ RunTime:0.001849s ]
SQL: SHOW COLUMNS FROM `lamp_user` [ RunTime:0.0052s ]
SQL: SELECT COUNT(*) AS tp_count FROM `lamp_user` WHERE `username` = 'xiaowang' LIMIT 1   [ RunTime:0.0006s ]

[ 2015-12-10T16:15:10+08:00 ] 127.0.0.1 /index.php/Admin/Manager/ajaxCheckName
INFO: [ app_begin ] --START--
INFO: Run Behavior\ReadHtmlCacheBehavior [ RunTime:0.000911s ]
INFO: [ app_begin ] --END-- [ RunTime:0.001682s ]
SQL: SHOW COLUMNS FROM `lamp_user` [ RunTime:0.0039s ]
SQL: SELECT COUNT(*) AS tp_count FROM `lamp_user` WHERE `username` = 'xiaowang' LIMIT 1   [ RunTime:0.0004s ]

[ 2015-12-10T16:16:10+08:00 ] 127.0.0.1 /index.php/Admin/Manager/ajaxCheckName
INFO: [ app_begin ] --START--
INFO: Run Behavior\ReadHtmlCacheBehavior [ RunTime:0.000682s ]
INFO: [ app_begin ] --END-- [ RunTime:0.001290s ]
SQL: SHOW COLUMNS FROM `lamp_user` [ RunTime:0.0044s ]
SQL: SELECT COUNT(*) AS tp_count FROM `lamp_user` WHERE `username` = 'xiaowang' LIMIT 1   [ RunTime:0.0004s ]

[ 2015-12-10T16:17:12+08:00 ] 127.0.0.1 /index.php/Admin/Manager/ajaxCheckName
INFO: [ app_begin ] --START--
INFO: Run Behavior\ReadHtmlCacheBehavior [ RunTime:0.001224s ]
INFO: [ app_begin ] --END-- [ RunTime:0.001883s ]
SQL: SHOW COLUMNS FROM `lamp_user` [ RunTime:0.0042s ]
SQL: SELECT COUNT(*) AS tp_count FROM `lamp_user` WHERE `username` = 'xiaowang' LIMIT 1   [ RunTime:0.0005s ]

[ 2015-12-10T19:46:14+08:00 ] 127.0.0.1 /index.php/Admin/chart/column.html
ERR: 无法加载控制器:Chart

[ 2015-12-10T19:46:16+08:00 ] 127.0.0.1 /index.php/Admin/chart/area.html
ERR: 无法加载控制器:Chart

[ 2015-12-10T19:46:17+08:00 ] 127.0.0.1 /index.php/Admin/chart/line.html
ERR: 无法加载控制器:Chart

[ 2015-12-10T19:49:57+08:00 ] 127.0.0.1 /index.php/Admin/chart/area.html
ERR: 无法加载控制器:Chart

[ 2015-12-10T19:50:45+08:00 ] 127.0.0.1 /index.php/Admin/main/menu.html
ERR: 无法加载控制器:Main

[ 2015-12-10T19:51:13+08:00 ] 127.0.0.1 /index.php/Admin/main/menu.html
ERR: 无法加载控制器:Main

[ 2015-12-10T21:31:14+08:00 ] 127.0.0.1 /index.php/Admin/Manager/ajaxCheckName
INFO: [ app_begin ] --START--
INFO: Run Behavior\ReadHtmlCacheBehavior [ RunTime:0.000733s ]
INFO: [ app_begin ] --END-- [ RunTime:0.001444s ]
SQL: SHOW COLUMNS FROM `lamp_user` [ RunTime:0.0047s ]
SQL: SELECT COUNT(*) AS tp_count FROM `lamp_user` WHERE `username` = 'xiaowang' LIMIT 1   [ RunTime:0.0005s ]

