[ 2015-12-09T19:38:48+08:00 ] 127.0.0.1 /index.php/Admin/Link/index?_=1449661128622
INFO: [ app_begin ] --START--
INFO: Run Behavior\ReadHtmlCacheBehavior [ RunTime:0.000829s ]
INFO: [ app_begin ] --END-- [ RunTime:0.001757s ]
ERR: 无法加载控制器:Link

[ 2015-12-09T19:39:27+08:00 ] 127.0.0.1 /index.php/Admin/Link/index?_=1449661167496
INFO: [ app_begin ] --START--
INFO: Run Behavior\ReadHtmlCacheBehavior [ RunTime:0.000920s ]
INFO: [ app_begin ] --END-- [ RunTime:0.001501s ]
ERR: 无法加载控制器:Link

[ 2015-12-09T19:39:29+08:00 ] 127.0.0.1 /index.php/Admin/Link/add?_=1449661169559
INFO: [ app_begin ] --START--
INFO: Run Behavior\ReadHtmlCacheBehavior [ RunTime:0.000511s ]
INFO: [ app_begin ] --END-- [ RunTime:0.000847s ]
ERR: 无法加载控制器:Link

[ 2015-12-09T19:40:25+08:00 ] 127.0.0.1 /index.php/Admin/Link/index?_=1449661225761
INFO: [ app_begin ] --START--
INFO: Run Behavior\ReadHtmlCacheBehavior [ RunTime:0.000507s ]
INFO: [ app_begin ] --END-- [ RunTime:0.000923s ]
ERR: 无法加载控制器:Link

[ 2015-12-09T19:40:29+08:00 ] 127.0.0.1 /index.php/Admin/Link/add?_=1449661229564
INFO: [ app_begin ] --START--
INFO: Run Behavior\ReadHtmlCacheBehavior [ RunTime:0.000514s ]
INFO: [ app_begin ] --END-- [ RunTime:0.000943s ]
ERR: 无法加载控制器:Link

[ 2015-12-09T19:41:15+08:00 ] 127.0.0.1 /index.php/Admin/Link/index?_=1449661274971
INFO: [ app_begin ] --START--
INFO: Run Behavior\ReadHtmlCacheBehavior [ RunTime:0.000533s ]
INFO: [ app_begin ] --END-- [ RunTime:0.000910s ]
ERR: 无法加载控制器:Link

[ 2015-12-09T20:20:13+08:00 ] 127.0.0.1 /index.php/Admin/User/modpwd?_=1449663613302
INFO: [ app_begin ] --START--
INFO: Run Behavior\ReadHtmlCacheBehavior [ RunTime:0.000609s ]
INFO: [ app_begin ] --END-- [ RunTime:0.001040s ]
ERR: 非法操作:modpwd

[ 2015-12-09T20:20:19+08:00 ] 127.0.0.1 /index.php/Admin/User/index?_=1449663619392
INFO: [ app_begin ] --START--
INFO: Run Behavior\ReadHtmlCacheBehavior [ RunTime:0.000840s ]
INFO: [ app_begin ] --END-- [ RunTime:0.001464s ]
ERR: 非法操作:index

[ 2015-12-09T20:20:24+08:00 ] 127.0.0.1 /index.php/Admin/Link/index?_=1449663624662
INFO: [ app_begin ] --START--
INFO: Run Behavior\ReadHtmlCacheBehavior [ RunTime:0.000739s ]
INFO: [ app_begin ] --END-- [ RunTime:0.001361s ]
ERR: 无法加载控制器:Link

[ 2015-12-09T20:23:39+08:00 ] 127.0.0.1 /index.php/Admin/Link/index?_=1449663819467
INFO: [ app_begin ] --START--
INFO: Run Behavior\ReadHtmlCacheBehavior [ RunTime:0.000589s ]
INFO: [ app_begin ] --END-- [ RunTime:0.000988s ]
ERR: 无法加载控制器:Link

[ 2015-12-09T20:23:55+08:00 ] 127.0.0.1 /index.php/Admin/Link/index?_=1449663835933
INFO: [ app_begin ] --START--
INFO: Run Behavior\ReadHtmlCacheBehavior [ RunTime:0.000918s ]
INFO: [ app_begin ] --END-- [ RunTime:0.001561s ]
ERR: 无法加载控制器:Link

[ 2015-12-09T20:25:55+08:00 ] 127.0.0.1 /index.php/Admin/Link/index?_=1449663955865
INFO: [ app_begin ] --START--
INFO: Run Behavior\ReadHtmlCacheBehavior [ RunTime:0.000721s ]
INFO: [ app_begin ] --END-- [ RunTime:0.001251s ]
ERR: 无法加载控制器:Link

[ 2015-12-09T20:29:02+08:00 ] 127.0.0.1 /index.php/Admin/Link/index?_=1449664142611
INFO: [ app_begin ] --START--
INFO: Run Behavior\ReadHtmlCacheBehavior [ RunTime:0.000566s ]
INFO: [ app_begin ] --END-- [ RunTime:0.001019s ]
INFO: [ view_parse ] --START--
INFO: [ template_filter ] --START--
INFO: Run Behavior\ContentReplaceBehavior [ RunTime:0.000090s ]
INFO: [ template_filter ] --END-- [ RunTime:0.000179s ]
NOTIC: [8] Undefined variable: numPerPage D:\wamp\www\thinkphp\Application\Runtime\Cache\Admin\1e2c869bd8911c3f098d2a5c15bf2453.php 第 3 行.
NOTIC: [8] Undefined index: _order D:\wamp\www\thinkphp\Application\Runtime\Cache\Admin\1e2c869bd8911c3f098d2a5c15bf2453.php 第 4 行.
NOTIC: [8] Undefined index: _sort D:\wamp\www\thinkphp\Application\Runtime\Cache\Admin\1e2c869bd8911c3f098d2a5c15bf2453.php 第 5 行.
NOTIC: [8] Undefined variable: numPerPage D:\wamp\www\thinkphp\Application\Runtime\Cache\Admin\1e2c869bd8911c3f098d2a5c15bf2453.php 第 9 行.
NOTIC: [8] Undefined index: keyword D:\wamp\www\thinkphp\Application\Runtime\Cache\Admin\1e2c869bd8911c3f098d2a5c15bf2453.php 第 14 行.
NOTIC: [8] Undefined variable: list D:\wamp\www\thinkphp\Application\Runtime\Cache\Admin\1e2c869bd8911c3f098d2a5c15bf2453.php 第 47 行.
NOTIC: [8] Undefined variable: numPerPage D:\wamp\www\thinkphp\Application\Runtime\Cache\Admin\1e2c869bd8911c3f098d2a5c15bf2453.php 第 60 行.
NOTIC: [8] Undefined variable: numPerPage D:\wamp\www\thinkphp\Application\Runtime\Cache\Admin\1e2c869bd8911c3f098d2a5c15bf2453.php 第 61 行.
NOTIC: [8] Undefined variable: numPerPage D:\wamp\www\thinkphp\Application\Runtime\Cache\Admin\1e2c869bd8911c3f098d2a5c15bf2453.php 第 62 行.
NOTIC: [8] Undefined variable: numPerPage D:\wamp\www\thinkphp\Application\Runtime\Cache\Admin\1e2c869bd8911c3f098d2a5c15bf2453.php 第 63 行.
NOTIC: [8] Undefined variable: numPerPage D:\wamp\www\thinkphp\Application\Runtime\Cache\Admin\1e2c869bd8911c3f098d2a5c15bf2453.php 第 64 行.
NOTIC: [8] Undefined variable: numPerPage D:\wamp\www\thinkphp\Application\Runtime\Cache\Admin\1e2c869bd8911c3f098d2a5c15bf2453.php 第 65 行.
NOTIC: [8] Undefined variable: totalCount D:\wamp\www\thinkphp\Application\Runtime\Cache\Admin\1e2c869bd8911c3f098d2a5c15bf2453.php 第 67 行.
NOTIC: [8] Undefined variable: totalCount D:\wamp\www\thinkphp\Application\Runtime\Cache\Admin\1e2c869bd8911c3f098d2a5c15bf2453.php 第 69 行.
NOTIC: [8] Undefined variable: numPerPage D:\wamp\www\thinkphp\Application\Runtime\Cache\Admin\1e2c869bd8911c3f098d2a5c15bf2453.php 第 69 行.
NOTIC: [8] Undefined variable: currentPage D:\wamp\www\thinkphp\Application\Runtime\Cache\Admin\1e2c869bd8911c3f098d2a5c15bf2453.php 第 69 行.
INFO: Run Behavior\ParseTemplateBehavior [ RunTime:0.012290s ]
INFO: [ view_parse ] --END-- [ RunTime:0.012364s ]
INFO: [ view_filter ] --START--
INFO: Run Behavior\WriteHtmlCacheBehavior [ RunTime:0.000330s ]
INFO: [ view_filter ] --END-- [ RunTime:0.000396s ]
INFO: [ app_end ] --START--
INFO: Run Behavior\ShowPageTraceBehavior [ RunTime:0.000517s ]
INFO: [ app_end ] --END-- [ RunTime:0.000588s ]

[ 2015-12-09T20:33:51+08:00 ] 127.0.0.1 /index.php/Admin/User/verify.html
ERR: 无法加载控制器:User

[ 2015-12-09T20:34:00+08:00 ] 127.0.0.1 /index.php/Admin/Manager/ajaxCheckName
INFO: [ app_begin ] --START--
INFO: Run Behavior\ReadHtmlCacheBehavior [ RunTime:0.000686s ]
INFO: [ app_begin ] --END-- [ RunTime:0.001187s ]
SQL: SHOW COLUMNS FROM `lamp_user` [ RunTime:0.0029s ]
SQL: SELECT COUNT(*) AS tp_count FROM `lamp_user` WHERE `username` = 'xiaowang' LIMIT 1   [ RunTime:0.0002s ]

[ 2015-12-09T20:34:23+08:00 ] 127.0.0.1 /index.php/Admin/Manger/verify.html
ERR: 无法加载控制器:Manger

[ 2015-12-09T20:34:42+08:00 ] 127.0.0.1 /index.php/Admin/Manager/ajaxCheckName
INFO: [ app_begin ] --START--
INFO: Run Behavior\ReadHtmlCacheBehavior [ RunTime:0.000916s ]
INFO: [ app_begin ] --END-- [ RunTime:0.001875s ]
SQL: SHOW COLUMNS FROM `lamp_user` [ RunTime:0.0037s ]
SQL: SELECT COUNT(*) AS tp_count FROM `lamp_user` WHERE `username` = 'xiaowang' LIMIT 1   [ RunTime:0.0005s ]

[ 2015-12-09T20:35:00+08:00 ] 127.0.0.1 /index.php/Admin/Link/index?_=1449664500309
INFO: [ app_begin ] --START--
INFO: Run Behavior\ReadHtmlCacheBehavior [ RunTime:0.003706s ]
INFO: [ app_begin ] --END-- [ RunTime:0.004158s ]
INFO: [ view_parse ] --START--
INFO: [ template_filter ] --START--
INFO: Run Behavior\ContentReplaceBehavior [ RunTime:0.000158s ]
INFO: [ template_filter ] --END-- [ RunTime:0.000305s ]
NOTIC: [8] Undefined variable: numPerPage D:\wamp\www\thinkphp\Application\Runtime\Cache\Admin\1e2c869bd8911c3f098d2a5c15bf2453.php 第 3 行.
NOTIC: [8] Undefined index: _order D:\wamp\www\thinkphp\Application\Runtime\Cache\Admin\1e2c869bd8911c3f098d2a5c15bf2453.php 第 4 行.
NOTIC: [8] Undefined index: _sort D:\wamp\www\thinkphp\Application\Runtime\Cache\Admin\1e2c869bd8911c3f098d2a5c15bf2453.php 第 5 行.
NOTIC: [8] Undefined variable: numPerPage D:\wamp\www\thinkphp\Application\Runtime\Cache\Admin\1e2c869bd8911c3f098d2a5c15bf2453.php 第 9 行.
NOTIC: [8] Undefined index: keyword D:\wamp\www\thinkphp\Application\Runtime\Cache\Admin\1e2c869bd8911c3f098d2a5c15bf2453.php 第 14 行.
NOTIC: [8] Undefined variable: list D:\wamp\www\thinkphp\Application\Runtime\Cache\Admin\1e2c869bd8911c3f098d2a5c15bf2453.php 第 47 行.
NOTIC: [8] Undefined variable: numPerPage D:\wamp\www\thinkphp\Application\Runtime\Cache\Admin\1e2c869bd8911c3f098d2a5c15bf2453.php 第 60 行.
NOTIC: [8] Undefined variable: numPerPage D:\wamp\www\thinkphp\Application\Runtime\Cache\Admin\1e2c869bd8911c3f098d2a5c15bf2453.php 第 61 行.
NOTIC: [8] Undefined variable: numPerPage D:\wamp\www\thinkphp\Application\Runtime\Cache\Admin\1e2c869bd8911c3f098d2a5c15bf2453.php 第 62 行.
NOTIC: [8] Undefined variable: numPerPage D:\wamp\www\thinkphp\Application\Runtime\Cache\Admin\1e2c869bd8911c3f098d2a5c15bf2453.php 第 63 行.
NOTIC: [8] Undefined variable: numPerPage D:\wamp\www\thinkphp\Application\Runtime\Cache\Admin\1e2c869bd8911c3f098d2a5c15bf2453.php 第 64 行.
NOTIC: [8] Undefined variable: numPerPage D:\wamp\www\thinkphp\Application\Runtime\Cache\Admin\1e2c869bd8911c3f098d2a5c15bf2453.php 第 65 行.
NOTIC: [8] Undefined variable: totalCount D:\wamp\www\thinkphp\Application\Runtime\Cache\Admin\1e2c869bd8911c3f098d2a5c15bf2453.php 第 67 行.
NOTIC: [8] Undefined variable: totalCount D:\wamp\www\thinkphp\Application\Runtime\Cache\Admin\1e2c869bd8911c3f098d2a5c15bf2453.php 第 69 行.
NOTIC: [8] Undefined variable: numPerPage D:\wamp\www\thinkphp\Application\Runtime\Cache\Admin\1e2c869bd8911c3f098d2a5c15bf2453.php 第 69 行.
NOTIC: [8] Undefined variable: currentPage D:\wamp\www\thinkphp\Application\Runtime\Cache\Admin\1e2c869bd8911c3f098d2a5c15bf2453.php 第 69 行.
INFO: Run Behavior\ParseTemplateBehavior [ RunTime:0.016408s ]
INFO: [ view_parse ] --END-- [ RunTime:0.016633s ]
INFO: [ view_filter ] --START--
INFO: Run Behavior\WriteHtmlCacheBehavior [ RunTime:0.000668s ]
INFO: [ view_filter ] --END-- [ RunTime:0.000761s ]
INFO: [ app_end ] --START--
INFO: Run Behavior\ShowPageTraceBehavior [ RunTime:0.000585s ]
INFO: [ app_end ] --END-- [ RunTime:0.000666s ]

[ 2015-12-09T21:28:22+08:00 ] 127.0.0.1 /index.php/Admin/assets/css/dpl-min.css
ERR: 无法加载控制器:Assets

[ 2015-12-09T21:28:22+08:00 ] 127.0.0.1 /index.php/Admin/assets/js/jquery-1.8.1.min.js
ERR: 无法加载控制器:Assets

[ 2015-12-09T21:28:22+08:00 ] 127.0.0.1 /index.php/Admin/assets/css/bui-min.css
ERR: 无法加载控制器:Assets

[ 2015-12-09T21:28:22+08:00 ] 127.0.0.1 /index.php/Admin/assets/js/bui-min.js
ERR: 无法加载控制器:Assets

[ 2015-12-09T21:28:22+08:00 ] 127.0.0.1 /index.php/Admin/assets/css/page-min.css
ERR: 无法加载控制器:Assets

[ 2015-12-09T21:28:22+08:00 ] 127.0.0.1 /index.php/Admin/assets/js/config-min.js
ERR: 无法加载控制器:Assets

[ 2015-12-09T21:28:22+08:00 ] 127.0.0.1 /index.php/Admin/assets/js/prettify.js
ERR: 无法加载控制器:Assets

[ 2015-12-09T21:28:22+08:00 ] 127.0.0.1 /index.php/Admin/assets/css/prettify.css
ERR: 无法加载控制器:Assets

[ 2015-12-09T21:28:27+08:00 ] 127.0.0.1 /index.php/Admin/assets/css/page-min.css
ERR: 无法加载控制器:Assets

[ 2015-12-09T21:28:27+08:00 ] 127.0.0.1 /index.php/Admin/assets/css/dpl-min.css
ERR: 无法加载控制器:Assets

[ 2015-12-09T21:28:27+08:00 ] 127.0.0.1 /index.php/Admin/assets/css/bui-min.css
ERR: 无法加载控制器:Assets

[ 2015-12-09T21:28:27+08:00 ] 127.0.0.1 /index.php/Admin/assets/js/jquery-1.8.1.min.js
ERR: 无法加载控制器:Assets

[ 2015-12-09T21:28:27+08:00 ] 127.0.0.1 /index.php/Admin/assets/css/prettify.css
ERR: 无法加载控制器:Assets

[ 2015-12-09T21:28:27+08:00 ] 127.0.0.1 /index.php/Admin/assets/js/bui-min.js
ERR: 无法加载控制器:Assets

[ 2015-12-09T21:28:27+08:00 ] 127.0.0.1 /index.php/Admin/assets/js/config-min.js
ERR: 无法加载控制器:Assets

[ 2015-12-09T21:28:27+08:00 ] 127.0.0.1 /index.php/Admin/assets/js/prettify.js
ERR: 无法加载控制器:Assets

[ 2015-12-09T21:29:11+08:00 ] 127.0.0.1 /index.php/Admin/assets/css/dpl-min.css
ERR: 无法加载控制器:Assets

[ 2015-12-09T21:29:11+08:00 ] 127.0.0.1 /index.php/Admin/assets/css/bui-min.css
ERR: 无法加载控制器:Assets

[ 2015-12-09T21:29:11+08:00 ] 127.0.0.1 /index.php/Admin/assets/js/jquery-1.8.1.min.js
ERR: 无法加载控制器:Assets

[ 2015-12-09T21:29:11+08:00 ] 127.0.0.1 /index.php/Admin/assets/css/prettify.css
ERR: 无法加载控制器:Assets

[ 2015-12-09T21:29:11+08:00 ] 127.0.0.1 /index.php/Admin/assets/css/page-min.css
ERR: 无法加载控制器:Assets

[ 2015-12-09T21:29:11+08:00 ] 127.0.0.1 /index.php/Admin/assets/js/config-min.js
ERR: 无法加载控制器:Assets

[ 2015-12-09T21:29:11+08:00 ] 127.0.0.1 /index.php/Admin/assets/js/prettify.js
ERR: 无法加载控制器:Assets

[ 2015-12-09T21:29:11+08:00 ] 127.0.0.1 /index.php/Admin/assets/js/bui-min.js
ERR: 无法加载控制器:Assets

[ 2015-12-09T21:35:08+08:00 ] 127.0.0.1 /index.php/Admin/assets/js/jquery-1.8.1.min.js
ERR: 无法加载控制器:Assets

[ 2015-12-09T21:35:08+08:00 ] 127.0.0.1 /index.php/Admin/assets/css/page-min.css
ERR: 无法加载控制器:Assets

[ 2015-12-09T21:35:08+08:00 ] 127.0.0.1 /index.php/Admin/assets/css/bui-min.css
ERR: 无法加载控制器:Assets

[ 2015-12-09T21:35:08+08:00 ] 127.0.0.1 /index.php/Admin/assets/css/prettify.css
ERR: 无法加载控制器:Assets

[ 2015-12-09T21:35:08+08:00 ] 127.0.0.1 /index.php/Admin/assets/js/config-min.js
ERR: 无法加载控制器:Assets

[ 2015-12-09T21:35:08+08:00 ] 127.0.0.1 /index.php/Admin/assets/js/prettify.js
ERR: 无法加载控制器:Assets

[ 2015-12-09T21:35:08+08:00 ] 127.0.0.1 /index.php/Admin/assets/css/dpl-min.css
ERR: 无法加载控制器:Assets

[ 2015-12-09T21:35:08+08:00 ] 127.0.0.1 /index.php/Admin/assets/js/bui-min.js
ERR: 无法加载控制器:Assets

