[ 2015-12-31T00:00:45+08:00 ] 192.168.122.119 /index.php/Home/User/checkPhone.html
INFO: [ app_begin ] --START--
INFO: Run Behavior\ReadHtmlCacheBehavior [ RunTime:0.000904s ]
INFO: [ app_begin ] --END-- [ RunTime:0.001405s ]
SQL: SHOW COLUMNS FROM `bank_user` [ RunTime:0.0039s ]
SQL: SELECT * FROM `bank_user` WHERE ( phone='13051130701' ) LIMIT 1   [ RunTime:0.0004s ]
INFO: [ app_end ] --START--
INFO: Run Behavior\ShowPageTraceBehavior [ RunTime:0.001405s ]
INFO: [ app_end ] --END-- [ RunTime:0.001511s ]

[ 2015-12-31T00:00:49+08:00 ] 192.168.122.119 /index.php/Home/User/checkPhone.html
INFO: [ app_begin ] --START--
INFO: Run Behavior\ReadHtmlCacheBehavior [ RunTime:0.000892s ]
INFO: [ app_begin ] --END-- [ RunTime:0.001411s ]
SQL: SHOW COLUMNS FROM `bank_user` [ RunTime:0.0032s ]
SQL: SELECT * FROM `bank_user` WHERE ( phone='13051130701' ) LIMIT 1   [ RunTime:0.0003s ]
INFO: [ app_end ] --START--
INFO: Run Behavior\ShowPageTraceBehavior [ RunTime:0.000740s ]
INFO: [ app_end ] --END-- [ RunTime:0.000822s ]

[ 2015-12-31T00:01:00+08:00 ] 192.168.122.119 /index.php/Home/User/checkPhone.html
INFO: [ app_begin ] --START--
INFO: Run Behavior\ReadHtmlCacheBehavior [ RunTime:0.001303s ]
INFO: [ app_begin ] --END-- [ RunTime:0.002054s ]
SQL: SHOW COLUMNS FROM `bank_user` [ RunTime:0.0030s ]
SQL: SELECT * FROM `bank_user` WHERE ( phone='13051130701' ) LIMIT 1   [ RunTime:0.0004s ]
INFO: [ app_end ] --START--
INFO: Run Behavior\ShowPageTraceBehavior [ RunTime:0.000792s ]
INFO: [ app_end ] --END-- [ RunTime:0.000873s ]

[ 2015-12-31T00:01:11+08:00 ] 192.168.122.119 /index.php/Home/User/checkPhone.html
INFO: [ app_begin ] --START--
INFO: Run Behavior\ReadHtmlCacheBehavior [ RunTime:0.000920s ]
INFO: [ app_begin ] --END-- [ RunTime:0.001470s ]
SQL: SHOW COLUMNS FROM `bank_user` [ RunTime:0.0044s ]
SQL: SELECT * FROM `bank_user` WHERE ( phone='13051130801' ) LIMIT 1   [ RunTime:0.0004s ]
INFO: [ app_end ] --START--
INFO: Run Behavior\ShowPageTraceBehavior [ RunTime:0.000971s ]
INFO: [ app_end ] --END-- [ RunTime:0.001103s ]

[ 2015-12-31T00:01:15+08:00 ] 192.168.122.119 /index.php/Home/User/checkRegister.html
INFO: [ app_begin ] --START--
INFO: Run Behavior\ReadHtmlCacheBehavior [ RunTime:0.001230s ]
INFO: [ app_begin ] --END-- [ RunTime:0.001945s ]
SQL: SHOW COLUMNS FROM `bank_user` [ RunTime:0.0029s ]
NOTIC: [8] Undefined index: validate D:\wamp\www\thinkphp\ThinkPHP\Library\Think\Model.class.php 第 1185 行.
NOTIC: [8] Undefined index: auto D:\wamp\www\thinkphp\ThinkPHP\Library\Think\Model.class.php 第 1128 行.
SQL: INSERT INTO `bank_user` (`phone`,`password`) VALUES ('13051130801','202cb962ac59075b964b07152d234b70') [ RunTime:0.0003s ]
SQL: SHOW COLUMNS FROM `bank_user_details` [ RunTime:0.0030s ]
SQL: INSERT INTO `bank_user_details` (`uid`,`account`,`level`,`kahao`) VALUES ('24','1000000','1','70618784') [ RunTime:0.0679s ]
INFO: [ app_end ] --START--
INFO: Run Behavior\ShowPageTraceBehavior [ RunTime:0.002477s ]
INFO: [ app_end ] --END-- [ RunTime:0.002759s ]

[ 2015-12-31T00:04:00+08:00 ] 192.168.122.119 /index.php/Home/Index/apply.html
INFO: [ app_begin ] --START--
INFO: Run Behavior\ReadHtmlCacheBehavior [ RunTime:0.000835s ]
INFO: [ app_begin ] --END-- [ RunTime:0.001341s ]
SQL: SHOW COLUMNS FROM `bank_company` [ RunTime:0.0035s ]
NOTIC: [8] Undefined index: validate D:\wamp\www\thinkphp\ThinkPHP\Library\Think\Model.class.php 第 1185 行.
NOTIC: [8] Undefined index: auto D:\wamp\www\thinkphp\ThinkPHP\Library\Think\Model.class.php 第 1128 行.
SQL: INSERT INTO `bank_company` (`name`,`resulturl`,`uid`) VALUES ('小米有限公司','http://192.168.122.119/index.php/Home/Pay/getResult','24') [ RunTime:0.0005s ]
SQL: SHOW COLUMNS FROM `bank_user_details` [ RunTime:0.0048s ]
SQL: UPDATE `bank_user_details` SET `level`='1' WHERE ( uid=24 ) [ RunTime:0.0756s ]
INFO: [ app_end ] --START--
INFO: Run Behavior\ShowPageTraceBehavior [ RunTime:0.003984s ]
INFO: [ app_end ] --END-- [ RunTime:0.004268s ]

[ 2015-12-31T00:04:36+08:00 ] 192.168.122.119 /index.php/Home/User/checkPhone.html
INFO: [ app_begin ] --START--
INFO: Run Behavior\ReadHtmlCacheBehavior [ RunTime:0.000826s ]
INFO: [ app_begin ] --END-- [ RunTime:0.001324s ]
SQL: SHOW COLUMNS FROM `bank_user` [ RunTime:0.0034s ]
SQL: SELECT * FROM `bank_user` WHERE ( phone='13051130801' ) LIMIT 1   [ RunTime:0.0004s ]
INFO: [ app_end ] --START--
INFO: Run Behavior\ShowPageTraceBehavior [ RunTime:0.000877s ]
INFO: [ app_end ] --END-- [ RunTime:0.000972s ]

[ 2015-12-31T00:05:22+08:00 ] 192.168.122.119 /index.php/Home/User/checkPhone.html
INFO: [ app_begin ] --START--
INFO: Run Behavior\ReadHtmlCacheBehavior [ RunTime:0.000820s ]
INFO: [ app_begin ] --END-- [ RunTime:0.001314s ]
SQL: SHOW COLUMNS FROM `bank_user` [ RunTime:0.0025s ]
SQL: SELECT * FROM `bank_user` WHERE ( phone='13051130701' ) LIMIT 1   [ RunTime:0.0002s ]
INFO: [ app_end ] --START--
INFO: Run Behavior\ShowPageTraceBehavior [ RunTime:0.000701s ]
INFO: [ app_end ] --END-- [ RunTime:0.000777s ]

[ 2015-12-31T00:05:25+08:00 ] 192.168.122.119 /index.php/Home/User/checkRegister.html
INFO: [ app_begin ] --START--
INFO: Run Behavior\ReadHtmlCacheBehavior [ RunTime:0.000877s ]
INFO: [ app_begin ] --END-- [ RunTime:0.001403s ]
SQL: SHOW COLUMNS FROM `bank_user` [ RunTime:0.0032s ]
NOTIC: [8] Undefined index: validate D:\wamp\www\thinkphp\ThinkPHP\Library\Think\Model.class.php 第 1185 行.
NOTIC: [8] Undefined index: auto D:\wamp\www\thinkphp\ThinkPHP\Library\Think\Model.class.php 第 1128 行.
SQL: INSERT INTO `bank_user` (`phone`,`password`) VALUES ('13051130701','202cb962ac59075b964b07152d234b70') [ RunTime:0.0003s ]
SQL: SHOW COLUMNS FROM `bank_user_details` [ RunTime:0.0032s ]
SQL: INSERT INTO `bank_user_details` (`uid`,`account`,`level`,`kahao`) VALUES ('25','1000000','1','73025473') [ RunTime:0.0773s ]
INFO: [ app_end ] --START--
INFO: Run Behavior\ShowPageTraceBehavior [ RunTime:0.001642s ]
INFO: [ app_end ] --END-- [ RunTime:0.001834s ]

[ 2015-12-31T08:41:14+08:00 ] 192.168.122.119 /Home/Order/index?test=test
ERR: 1064:You have an error in your SQL syntax; check the manual that corresponds to your MySQL server version for the right syntax to use near 'and password='' ) LIMIT 1' at line 1
 [ SQL语句 ] : SELECT `id` FROM `bank_user` WHERE ( phone= and password='' ) LIMIT 1  

[ 2015-12-31T08:41:15+08:00 ] 192.168.122.119 /Home/Order/index?test=test
ERR: 1064:You have an error in your SQL syntax; check the manual that corresponds to your MySQL server version for the right syntax to use near 'and password='' ) LIMIT 1' at line 1
 [ SQL语句 ] : SELECT `id` FROM `bank_user` WHERE ( phone= and password='' ) LIMIT 1  

[ 2015-12-31T08:41:15+08:00 ] 192.168.122.119 /Home/Order/index?test=test
ERR: 1064:You have an error in your SQL syntax; check the manual that corresponds to your MySQL server version for the right syntax to use near 'and password='' ) LIMIT 1' at line 1
 [ SQL语句 ] : SELECT `id` FROM `bank_user` WHERE ( phone= and password='' ) LIMIT 1  

[ 2015-12-31T08:41:15+08:00 ] 192.168.122.119 /Home/Order/index?test=test
ERR: 1064:You have an error in your SQL syntax; check the manual that corresponds to your MySQL server version for the right syntax to use near 'and password='' ) LIMIT 1' at line 1
 [ SQL语句 ] : SELECT `id` FROM `bank_user` WHERE ( phone= and password='' ) LIMIT 1  

[ 2015-12-31T08:41:38+08:00 ] 192.168.122.119 /Home/Order/index?test=test
ERR: 1064:You have an error in your SQL syntax; check the manual that corresponds to your MySQL server version for the right syntax to use near 'and password='' ) LIMIT 1' at line 1
 [ SQL语句 ] : SELECT `id` FROM `bank_user` WHERE ( phone= and password='' ) LIMIT 1  

[ 2015-12-31T08:41:39+08:00 ] 192.168.122.119 /Home/Order/index?test=test
ERR: 1064:You have an error in your SQL syntax; check the manual that corresponds to your MySQL server version for the right syntax to use near 'and password='' ) LIMIT 1' at line 1
 [ SQL语句 ] : SELECT `id` FROM `bank_user` WHERE ( phone= and password='' ) LIMIT 1  

[ 2015-12-31T08:41:57+08:00 ] 192.168.122.119 /Home/Order/index?order=981451522404988money%3D249&money=&phone=13051130801&mima=202cb962ac59075b964b07152d234b70
ERR: 1054:Unknown column '981451522404988money' in 'where clause'
 [ SQL语句 ] : SELECT * FROM `bank_order` WHERE ( gather=24 and ordernum=981451522404988money=249 ) LIMIT 1  

[ 2015-12-31T08:44:01+08:00 ] 192.168.122.119 /Home/Order/index?test=test
ERR: 1064:You have an error in your SQL syntax; check the manual that corresponds to your MySQL server version for the right syntax to use near 'and password='' ) LIMIT 1' at line 1
 [ SQL语句 ] : SELECT `id` FROM `bank_user` WHERE ( phone= and password='' ) LIMIT 1  

[ 2015-12-31T08:44:21+08:00 ] 192.168.122.119 /Home/Order/index?order=981451522627398money%3D249&money=&phone=13051130801&mima=202cb962ac59075b964b07152d234b70
ERR: 1054:Unknown column '981451522627398money' in 'where clause'
 [ SQL语句 ] : SELECT * FROM `bank_order` WHERE ( gather=24 and ordernum=981451522627398money=249 ) LIMIT 1  

[ 2015-12-31T15:59:31+08:00 ] 192.168.122.119 /index.php/Home/User/checkPhone.html
INFO: [ app_begin ] --START--
INFO: Run Behavior\ReadHtmlCacheBehavior [ RunTime:0.000624s ]
INFO: [ app_begin ] --END-- [ RunTime:0.000954s ]
SQL: SHOW COLUMNS FROM `bank_user` [ RunTime:0.0030s ]
SQL: SELECT * FROM `bank_user` WHERE ( phone='13051130801' ) LIMIT 1   [ RunTime:0.0003s ]
INFO: [ app_end ] --START--
INFO: Run Behavior\ShowPageTraceBehavior [ RunTime:0.000753s ]
INFO: [ app_end ] --END-- [ RunTime:0.000828s ]

[ 2015-12-31T15:59:42+08:00 ] 192.168.122.119 /index.php/Home/User/checkPhone.html
INFO: [ app_begin ] --START--
INFO: Run Behavior\ReadHtmlCacheBehavior [ RunTime:0.001197s ]
INFO: [ app_begin ] --END-- [ RunTime:0.001913s ]
SQL: SHOW COLUMNS FROM `bank_user` [ RunTime:0.0045s ]
SQL: SELECT * FROM `bank_user` WHERE ( phone='13051130801' ) LIMIT 1   [ RunTime:0.0005s ]
INFO: [ app_end ] --START--
INFO: Run Behavior\ShowPageTraceBehavior [ RunTime:0.000929s ]
INFO: [ app_end ] --END-- [ RunTime:0.001028s ]

[ 2015-12-31T15:59:46+08:00 ] 192.168.122.119 /index.php/Home/User/checkPhone.html
INFO: [ app_begin ] --START--
INFO: Run Behavior\ReadHtmlCacheBehavior [ RunTime:0.001014s ]
INFO: [ app_begin ] --END-- [ RunTime:0.001951s ]
SQL: SHOW COLUMNS FROM `bank_user` [ RunTime:0.0037s ]
SQL: SELECT * FROM `bank_user` WHERE ( phone='13051130801' ) LIMIT 1   [ RunTime:0.0004s ]
INFO: [ app_end ] --START--
INFO: Run Behavior\ShowPageTraceBehavior [ RunTime:0.001050s ]
INFO: [ app_end ] --END-- [ RunTime:0.001174s ]

[ 2015-12-31T16:00:11+08:00 ] 192.168.122.119 /index.php/Home/User/checkPhone.html
INFO: [ app_begin ] --START--
INFO: Run Behavior\ReadHtmlCacheBehavior [ RunTime:0.001438s ]
INFO: [ app_begin ] --END-- [ RunTime:0.002159s ]
SQL: SHOW COLUMNS FROM `bank_user` [ RunTime:0.0064s ]
SQL: SELECT * FROM `bank_user` WHERE ( phone='13051130801' ) LIMIT 1   [ RunTime:0.0006s ]
INFO: [ app_end ] --START--
INFO: Run Behavior\ShowPageTraceBehavior [ RunTime:0.001533s ]
INFO: [ app_end ] --END-- [ RunTime:0.001701s ]

[ 2015-12-31T16:00:15+08:00 ] 192.168.122.119 /index.php/Home/User/checkPhone.html
INFO: [ app_begin ] --START--
INFO: Run Behavior\ReadHtmlCacheBehavior [ RunTime:0.000857s ]
INFO: [ app_begin ] --END-- [ RunTime:0.001522s ]
SQL: SHOW COLUMNS FROM `bank_user` [ RunTime:0.0032s ]
SQL: SELECT * FROM `bank_user` WHERE ( phone='13051130801' ) LIMIT 1   [ RunTime:0.0003s ]
INFO: [ app_end ] --START--
INFO: Run Behavior\ShowPageTraceBehavior [ RunTime:0.000718s ]
INFO: [ app_end ] --END-- [ RunTime:0.000803s ]

[ 2015-12-31T16:00:18+08:00 ] 192.168.122.119 /index.php/Home/User/checkPhone.html
INFO: [ app_begin ] --START--
INFO: Run Behavior\ReadHtmlCacheBehavior [ RunTime:0.000507s ]
INFO: [ app_begin ] --END-- [ RunTime:0.000923s ]
SQL: SHOW COLUMNS FROM `bank_user` [ RunTime:0.0028s ]
SQL: SELECT * FROM `bank_user` WHERE ( phone='13051130801' ) LIMIT 1   [ RunTime:0.0003s ]
INFO: [ app_end ] --START--
INFO: Run Behavior\ShowPageTraceBehavior [ RunTime:0.000725s ]
INFO: [ app_end ] --END-- [ RunTime:0.000817s ]

[ 2015-12-31T20:21:24+08:00 ] 192.168.122.119 /Home/Order/index?test=test
ERR: 1064:You have an error in your SQL syntax; check the manual that corresponds to your MySQL server version for the right syntax to use near 'and password='' ) LIMIT 1' at line 1
 [ SQL语句 ] : SELECT `id` FROM `bank_user` WHERE ( phone= and password='' ) LIMIT 1  

[ 2015-12-31T20:21:25+08:00 ] 192.168.122.119 /Home/Order/index?order=981451564480350money%3D249&money=&phone=13051130801&mima=202cb962ac59075b964b07152d234b70
ERR: 1054:Unknown column '981451564480350money' in 'where clause'
 [ SQL语句 ] : SELECT * FROM `bank_order` WHERE ( gather=24 and ordernum=981451564480350money=249 ) LIMIT 1  

[ 2015-12-31T20:24:51+08:00 ] 192.168.122.119 /Home/Order/index?order=981451564480350money%3D249&money=&phone=13051130801&mima=202cb962ac59075b964b07152d234b70
ERR: 1054:Unknown column '981451564480350money' in 'where clause'
 [ SQL语句 ] : SELECT * FROM `bank_order` WHERE ( gather=24 and ordernum=981451564480350money=249 ) LIMIT 1  

[ 2015-12-31T20:29:02+08:00 ] 192.168.122.119 /Home/Order/index?test=test
ERR: 1064:You have an error in your SQL syntax; check the manual that corresponds to your MySQL server version for the right syntax to use near 'and password='' ) LIMIT 1' at line 1
 [ SQL语句 ] : SELECT `id` FROM `bank_user` WHERE ( phone= and password='' ) LIMIT 1  

[ 2015-12-31T20:29:25+08:00 ] 192.168.122.119 /index.php/Home/Order/PCode.html
INFO: [ app_begin ] --START--
INFO: Run Behavior\ReadHtmlCacheBehavior [ RunTime:0.001175s ]
INFO: [ app_begin ] --END-- [ RunTime:0.001965s ]
SQL: SHOW COLUMNS FROM `bank_user` [ RunTime:0.0030s ]
SQL: SELECT * FROM `bank_user` WHERE ( phone=13051130701 ) LIMIT 1   [ RunTime:0.0003s ]
INFO: [ app_end ] --START--
INFO: Run Behavior\ShowPageTraceBehavior [ RunTime:0.000687s ]
INFO: [ app_end ] --END-- [ RunTime:0.000779s ]

[ 2015-12-31T20:29:41+08:00 ] 192.168.122.119 /index.php/Home/Order/PCode.html
INFO: [ app_begin ] --START--
INFO: Run Behavior\ReadHtmlCacheBehavior [ RunTime:0.001027s ]
INFO: [ app_begin ] --END-- [ RunTime:0.001638s ]
SQL: SHOW COLUMNS FROM `bank_user` [ RunTime:0.0025s ]
SQL: SELECT * FROM `bank_user` WHERE ( phone=13051130701 ) LIMIT 1   [ RunTime:0.0002s ]
INFO: [ app_end ] --START--
INFO: Run Behavior\ShowPageTraceBehavior [ RunTime:0.000732s ]
INFO: [ app_end ] --END-- [ RunTime:0.000827s ]

[ 2015-12-31T20:30:08+08:00 ] 192.168.122.119 /index.php/Home/Order/PCode.html
INFO: [ app_begin ] --START--
INFO: Run Behavior\ReadHtmlCacheBehavior [ RunTime:0.001195s ]
INFO: [ app_begin ] --END-- [ RunTime:0.001926s ]
SQL: SHOW COLUMNS FROM `bank_user` [ RunTime:0.0028s ]
SQL: SELECT * FROM `bank_user` WHERE ( phone=12345678901 ) LIMIT 1   [ RunTime:0.0003s ]

[ 2015-12-31T20:30:26+08:00 ] 192.168.122.119 /index.php/Home/Order/check.html
INFO: [ app_begin ] --START--
INFO: Run Behavior\ReadHtmlCacheBehavior [ RunTime:0.000822s ]
INFO: [ app_begin ] --END-- [ RunTime:0.001315s ]
SQL: SHOW COLUMNS FROM `bank_user` [ RunTime:0.0036s ]
SQL: SELECT * FROM `bank_user` WHERE ( phone=12345678901 and password='202cb962ac59075b964b07152d234b70' ) LIMIT 1   [ RunTime:0.0004s ]
SQL: SHOW COLUMNS FROM `bank_user_details` [ RunTime:0.0038s ]
SQL: SHOW COLUMNS FROM `bank_order` [ RunTime:0.0029s ]
SQL: UPDATE `bank_user_details` SET `account`=account-249 WHERE ( uid=14 ) [ RunTime:0.0616s ]
SQL: UPDATE `bank_user_details` SET `account`=account+249 WHERE ( uid=24 ) [ RunTime:0.0189s ]
NOTIC: [8] Undefined index: validate D:\wamp\www\thinkphp\ThinkPHP\Library\Think\Model.class.php 第 1185 行.
NOTIC: [8] Undefined index: auto D:\wamp\www\thinkphp\ThinkPHP\Library\Think\Model.class.php 第 1128 行.
SQL: INSERT INTO `bank_order` (`source`,`gather`,`time`,`money`,`ordernum`) VALUES ('14','24','1451565026','249','981451564480350') [ RunTime:0.0011s ]
SQL: SHOW COLUMNS FROM `bank_company` [ RunTime:0.0056s ]
SQL: SELECT `resulturl` FROM `bank_company` WHERE ( uid=24 ) LIMIT 1   [ RunTime:0.0005s ]
INFO: [ app_end ] --START--
INFO: Run Behavior\ShowPageTraceBehavior [ RunTime:0.002449s ]
INFO: [ app_end ] --END-- [ RunTime:0.002775s ]

[ 2015-12-31T20:41:11+08:00 ] 192.168.122.119 /Home/Order/index?test=test
ERR: 1064:You have an error in your SQL syntax; check the manual that corresponds to your MySQL server version for the right syntax to use near 'and password='' ) LIMIT 1' at line 1
 [ SQL语句 ] : SELECT `id` FROM `bank_user` WHERE ( phone= and password='' ) LIMIT 1  

[ 2015-12-31T20:41:24+08:00 ] 192.168.122.119 /index.php/Home/Order/PCode.html
INFO: [ app_begin ] --START--
INFO: Run Behavior\ReadHtmlCacheBehavior [ RunTime:0.001041s ]
INFO: [ app_begin ] --END-- [ RunTime:0.001668s ]
SQL: SHOW COLUMNS FROM `bank_user` [ RunTime:0.0048s ]
SQL: SELECT * FROM `bank_user` WHERE ( phone=12345678901 ) LIMIT 1   [ RunTime:0.0005s ]

[ 2015-12-31T20:41:26+08:00 ] 192.168.122.119 /index.php/Home/Order/check.html
INFO: [ app_begin ] --START--
INFO: Run Behavior\ReadHtmlCacheBehavior [ RunTime:0.000924s ]
INFO: [ app_begin ] --END-- [ RunTime:0.001514s ]
SQL: SHOW COLUMNS FROM `bank_user` [ RunTime:0.0038s ]
SQL: SELECT * FROM `bank_user` WHERE ( phone=12345678901 and password='202cb962ac59075b964b07152d234b70' ) LIMIT 1   [ RunTime:0.0004s ]
SQL: SHOW COLUMNS FROM `bank_user_details` [ RunTime:0.0040s ]
SQL: SHOW COLUMNS FROM `bank_order` [ RunTime:0.0041s ]
SQL: UPDATE `bank_user_details` SET `account`=account-1999 WHERE ( uid=14 ) [ RunTime:0.0004s ]
SQL: UPDATE `bank_user_details` SET `account`=account+1999 WHERE ( uid=24 ) [ RunTime:0.0003s ]
NOTIC: [8] Undefined index: validate D:\wamp\www\thinkphp\ThinkPHP\Library\Think\Model.class.php 第 1185 行.
NOTIC: [8] Undefined index: auto D:\wamp\www\thinkphp\ThinkPHP\Library\Think\Model.class.php 第 1128 行.
SQL: INSERT INTO `bank_order` (`source`,`gather`,`time`,`money`,`ordernum`) VALUES ('14','24','1451565686','1999','981451565668782') [ RunTime:0.0004s ]
SQL: SHOW COLUMNS FROM `bank_company` [ RunTime:0.0101s ]
SQL: SELECT `resulturl` FROM `bank_company` WHERE ( uid=24 ) LIMIT 1   [ RunTime:0.0009s ]
INFO: [ app_end ] --START--
INFO: Run Behavior\ShowPageTraceBehavior [ RunTime:0.002460s ]
INFO: [ app_end ] --END-- [ RunTime:0.002788s ]

[ 2015-12-31T20:44:18+08:00 ] 192.168.122.119 /index.php/Home/Order/PCode.html
INFO: [ app_begin ] --START--
INFO: Run Behavior\ReadHtmlCacheBehavior [ RunTime:0.000943s ]
INFO: [ app_begin ] --END-- [ RunTime:0.001545s ]
SQL: SHOW COLUMNS FROM `bank_user` [ RunTime:0.0038s ]
SQL: SELECT * FROM `bank_user` WHERE ( phone=12345678901 ) LIMIT 1   [ RunTime:0.0004s ]

[ 2015-12-31T20:44:21+08:00 ] 192.168.122.119 /index.php/Home/Order/check.html
INFO: [ app_begin ] --START--
INFO: Run Behavior\ReadHtmlCacheBehavior [ RunTime:0.001058s ]
INFO: [ app_begin ] --END-- [ RunTime:0.001678s ]
SQL: SHOW COLUMNS FROM `bank_user` [ RunTime:0.0047s ]
SQL: SELECT * FROM `bank_user` WHERE ( phone=12345678901 and password='202cb962ac59075b964b07152d234b70' ) LIMIT 1   [ RunTime:0.0005s ]
SQL: SHOW COLUMNS FROM `bank_user_details` [ RunTime:0.0046s ]
SQL: SHOW COLUMNS FROM `bank_order` [ RunTime:0.0049s ]
SQL: UPDATE `bank_user_details` SET `account`=account-1999 WHERE ( uid=14 ) [ RunTime:0.0004s ]
SQL: UPDATE `bank_user_details` SET `account`=account+1999 WHERE ( uid=24 ) [ RunTime:0.0003s ]
NOTIC: [8] Undefined index: validate D:\wamp\www\thinkphp\ThinkPHP\Library\Think\Model.class.php 第 1185 行.
NOTIC: [8] Undefined index: auto D:\wamp\www\thinkphp\ThinkPHP\Library\Think\Model.class.php 第 1128 行.
SQL: INSERT INTO `bank_order` (`source`,`gather`,`time`,`money`,`ordernum`) VALUES ('14','24','1451565861','1999','981451565668781') [ RunTime:0.0005s ]
SQL: SHOW COLUMNS FROM `bank_company` [ RunTime:0.0099s ]
SQL: SELECT `resulturl` FROM `bank_company` WHERE ( uid=24 ) LIMIT 1   [ RunTime:0.0008s ]
INFO: [ app_end ] --START--
INFO: Run Behavior\ShowPageTraceBehavior [ RunTime:0.002660s ]
INFO: [ app_end ] --END-- [ RunTime:0.003180s ]

[ 2015-12-31T20:45:21+08:00 ] 192.168.122.119 /index.php/Home/Order/PCode.html
INFO: [ app_begin ] --START--
INFO: Run Behavior\ReadHtmlCacheBehavior [ RunTime:0.000986s ]
INFO: [ app_begin ] --END-- [ RunTime:0.001607s ]
SQL: SHOW COLUMNS FROM `bank_user` [ RunTime:0.0033s ]
SQL: SELECT * FROM `bank_user` WHERE ( phone=12345678901 ) LIMIT 1   [ RunTime:0.0003s ]

[ 2015-12-31T20:45:22+08:00 ] 192.168.122.119 /index.php/Home/Order/check.html
INFO: [ app_begin ] --START--
INFO: Run Behavior\ReadHtmlCacheBehavior [ RunTime:0.001046s ]
INFO: [ app_begin ] --END-- [ RunTime:0.001682s ]
SQL: SHOW COLUMNS FROM `bank_user` [ RunTime:0.0041s ]
SQL: SELECT * FROM `bank_user` WHERE ( phone=12345678901 and password='202cb962ac59075b964b07152d234b70' ) LIMIT 1   [ RunTime:0.0003s ]
SQL: SHOW COLUMNS FROM `bank_user_details` [ RunTime:0.0027s ]
SQL: SHOW COLUMNS FROM `bank_order` [ RunTime:0.0031s ]
SQL: UPDATE `bank_user_details` SET `account`=account-1999 WHERE ( uid=14 ) [ RunTime:0.0003s ]
SQL: UPDATE `bank_user_details` SET `account`=account+1999 WHERE ( uid=24 ) [ RunTime:0.0002s ]
NOTIC: [8] Undefined index: validate D:\wamp\www\thinkphp\ThinkPHP\Library\Think\Model.class.php 第 1185 行.
NOTIC: [8] Undefined index: auto D:\wamp\www\thinkphp\ThinkPHP\Library\Think\Model.class.php 第 1128 行.
SQL: INSERT INTO `bank_order` (`source`,`gather`,`time`,`money`,`ordernum`) VALUES ('14','24','1451565922','1999','981451565668783') [ RunTime:0.0003s ]
SQL: SHOW COLUMNS FROM `bank_company` [ RunTime:0.0091s ]
SQL: SELECT `resulturl` FROM `bank_company` WHERE ( uid=24 ) LIMIT 1   [ RunTime:0.0007s ]
INFO: [ app_end ] --START--
INFO: Run Behavior\ShowPageTraceBehavior [ RunTime:0.002519s ]
INFO: [ app_end ] --END-- [ RunTime:0.002839s ]

[ 2015-12-31T20:46:47+08:00 ] 192.168.122.119 /index.php/Home/Order/PCode.html
INFO: [ app_begin ] --START--
INFO: Run Behavior\ReadHtmlCacheBehavior [ RunTime:0.000926s ]
INFO: [ app_begin ] --END-- [ RunTime:0.001485s ]
SQL: SHOW COLUMNS FROM `bank_user` [ RunTime:0.0043s ]
SQL: SELECT * FROM `bank_user` WHERE ( phone=123456789 ) LIMIT 1   [ RunTime:0.0003s ]

[ 2015-12-31T20:46:52+08:00 ] 192.168.122.119 /index.php/Home/Order/check.html
INFO: [ app_begin ] --START--
INFO: Run Behavior\ReadHtmlCacheBehavior [ RunTime:0.001945s ]
INFO: [ app_begin ] --END-- [ RunTime:0.003279s ]
SQL: SHOW COLUMNS FROM `bank_user` [ RunTime:0.0046s ]
SQL: SELECT * FROM `bank_user` WHERE ( phone=123456789 and password='202cb962ac59075b964b07152d234b70' ) LIMIT 1   [ RunTime:0.0005s ]

[ 2015-12-31T20:47:14+08:00 ] 192.168.122.119 /index.php/Home/Order/check.html
INFO: [ app_begin ] --START--
INFO: Run Behavior\ReadHtmlCacheBehavior [ RunTime:0.000964s ]
INFO: [ app_begin ] --END-- [ RunTime:0.001543s ]
SQL: SHOW COLUMNS FROM `bank_user` [ RunTime:0.0028s ]
SQL: SELECT * FROM `bank_user` WHERE ( phone=123456789 and password='202cb962ac59075b964b07152d234b70' ) LIMIT 1   [ RunTime:0.0003s ]

[ 2015-12-31T20:48:24+08:00 ] 192.168.122.119 /index.php/Home/Order/check.html
INFO: [ app_begin ] --START--
INFO: Run Behavior\ReadHtmlCacheBehavior [ RunTime:0.000933s ]
INFO: [ app_begin ] --END-- [ RunTime:0.001518s ]
SQL: SHOW COLUMNS FROM `bank_user` [ RunTime:0.0029s ]
SQL: SELECT * FROM `bank_user` WHERE ( phone=12345678901 and password='202cb962ac59075b964b07152d234b70' ) LIMIT 1   [ RunTime:0.0003s ]
SQL: SHOW COLUMNS FROM `bank_user_details` [ RunTime:0.0030s ]
SQL: SHOW COLUMNS FROM `bank_order` [ RunTime:0.0030s ]
SQL: UPDATE `bank_user_details` SET `account`=account-1999 WHERE ( uid=14 ) [ RunTime:0.0003s ]
SQL: UPDATE `bank_user_details` SET `account`=account+1999 WHERE ( uid=24 ) [ RunTime:0.0002s ]
NOTIC: [8] Undefined index: validate D:\wamp\www\thinkphp\ThinkPHP\Library\Think\Model.class.php 第 1185 行.
NOTIC: [8] Undefined index: auto D:\wamp\www\thinkphp\ThinkPHP\Library\Think\Model.class.php 第 1128 行.
SQL: INSERT INTO `bank_order` (`source`,`gather`,`time`,`money`,`ordernum`) VALUES ('14','24','1451566104','1999','981451565668784') [ RunTime:0.0003s ]
SQL: SHOW COLUMNS FROM `bank_company` [ RunTime:0.0092s ]
SQL: SELECT `resulturl` FROM `bank_company` WHERE ( uid=24 ) LIMIT 1   [ RunTime:0.0009s ]
INFO: [ app_end ] --START--
INFO: Run Behavior\ShowPageTraceBehavior [ RunTime:0.002796s ]
INFO: [ app_end ] --END-- [ RunTime:0.003097s ]

[ 2015-12-31T20:50:37+08:00 ] 192.168.122.119 /index.php/Home/Order/PCode.html
INFO: [ app_begin ] --START--
INFO: Run Behavior\ReadHtmlCacheBehavior [ RunTime:0.001133s ]
INFO: [ app_begin ] --END-- [ RunTime:0.001852s ]
SQL: SHOW COLUMNS FROM `bank_user` [ RunTime:0.0029s ]
SQL: SELECT * FROM `bank_user` WHERE ( phone=12345678901 ) LIMIT 1   [ RunTime:0.0003s ]

[ 2015-12-31T20:50:45+08:00 ] 192.168.122.119 /index.php/Home/Order/check.html
INFO: [ app_begin ] --START--
INFO: Run Behavior\ReadHtmlCacheBehavior [ RunTime:0.002235s ]
INFO: [ app_begin ] --END-- [ RunTime:0.003642s ]
SQL: SHOW COLUMNS FROM `bank_user` [ RunTime:0.0051s ]
SQL: SELECT * FROM `bank_user` WHERE ( phone=12345678901 and password='202cb962ac59075b964b07152d234b70' ) LIMIT 1   [ RunTime:0.0006s ]
SQL: SHOW COLUMNS FROM `bank_user_details` [ RunTime:0.0049s ]
SQL: SHOW COLUMNS FROM `bank_order` [ RunTime:0.0031s ]
SQL: UPDATE `bank_user_details` SET `account`=account-1999 WHERE ( uid=14 ) [ RunTime:0.0003s ]
SQL: UPDATE `bank_user_details` SET `account`=account+1999 WHERE ( uid=24 ) [ RunTime:0.0003s ]
NOTIC: [8] Undefined index: validate D:\wamp\www\thinkphp\ThinkPHP\Library\Think\Model.class.php 第 1185 行.
NOTIC: [8] Undefined index: auto D:\wamp\www\thinkphp\ThinkPHP\Library\Think\Model.class.php 第 1128 行.
SQL: INSERT INTO `bank_order` (`source`,`gather`,`time`,`money`,`ordernum`) VALUES ('14','24','1451566245','1999','981451565668785') [ RunTime:0.0003s ]
SQL: SHOW COLUMNS FROM `bank_company` [ RunTime:0.0065s ]
SQL: SELECT `resulturl` FROM `bank_company` WHERE ( uid=24 ) LIMIT 1   [ RunTime:0.0005s ]
INFO: [ app_end ] --START--
INFO: Run Behavior\ShowPageTraceBehavior [ RunTime:0.001594s ]
INFO: [ app_end ] --END-- [ RunTime:0.001775s ]

[ 2015-12-31T20:52:36+08:00 ] 192.168.122.119 /index.php/Home/Order/PCode.html
INFO: [ app_begin ] --START--
INFO: Run Behavior\ReadHtmlCacheBehavior [ RunTime:0.001114s ]
INFO: [ app_begin ] --END-- [ RunTime:0.001823s ]
SQL: SHOW COLUMNS FROM `bank_user` [ RunTime:0.0033s ]
SQL: SELECT * FROM `bank_user` WHERE ( phone=12345678901 ) LIMIT 1   [ RunTime:0.0004s ]

[ 2015-12-31T20:52:37+08:00 ] 192.168.122.119 /index.php/Home/Order/check.html
INFO: [ app_begin ] --START--
INFO: Run Behavior\ReadHtmlCacheBehavior [ RunTime:0.001269s ]
INFO: [ app_begin ] --END-- [ RunTime:0.002044s ]
SQL: SHOW COLUMNS FROM `bank_user` [ RunTime:0.0029s ]
SQL: SELECT * FROM `bank_user` WHERE ( phone=12345678901 and password='202cb962ac59075b964b07152d234b70' ) LIMIT 1   [ RunTime:0.0003s ]
SQL: SHOW COLUMNS FROM `bank_user_details` [ RunTime:0.0031s ]
SQL: SHOW COLUMNS FROM `bank_order` [ RunTime:0.0030s ]
SQL: UPDATE `bank_user_details` SET `account`=account-1999 WHERE ( uid=14 ) [ RunTime:0.0003s ]
SQL: UPDATE `bank_user_details` SET `account`=account+1999 WHERE ( uid=24 ) [ RunTime:0.0002s ]
NOTIC: [8] Undefined index: validate D:\wamp\www\thinkphp\ThinkPHP\Library\Think\Model.class.php 第 1185 行.
NOTIC: [8] Undefined index: auto D:\wamp\www\thinkphp\ThinkPHP\Library\Think\Model.class.php 第 1128 行.
SQL: INSERT INTO `bank_order` (`source`,`gather`,`time`,`money`,`ordernum`) VALUES ('14','24','1451566357','1999','981451565668786') [ RunTime:0.0003s ]
SQL: SHOW COLUMNS FROM `bank_company` [ RunTime:0.0103s ]
SQL: SELECT `resulturl` FROM `bank_company` WHERE ( uid=24 ) LIMIT 1   [ RunTime:0.0008s ]
INFO: [ app_end ] --START--
INFO: Run Behavior\ShowPageTraceBehavior [ RunTime:0.001933s ]
INFO: [ app_end ] --END-- [ RunTime:0.002346s ]

[ 2015-12-31T20:52:49+08:00 ] 192.168.122.119 /index.php/Home/Order/check.html
INFO: [ app_begin ] --START--
INFO: Run Behavior\ReadHtmlCacheBehavior [ RunTime:0.001270s ]
INFO: [ app_begin ] --END-- [ RunTime:0.002053s ]
SQL: SHOW COLUMNS FROM `bank_user` [ RunTime:0.0033s ]
SQL: SELECT * FROM `bank_user` WHERE ( phone=12345678901 and password='202cb962ac59075b964b07152d234b70' ) LIMIT 1   [ RunTime:0.0003s ]
SQL: SHOW COLUMNS FROM `bank_user_details` [ RunTime:0.0033s ]
SQL: SHOW COLUMNS FROM `bank_order` [ RunTime:0.0032s ]
SQL: UPDATE `bank_user_details` SET `account`=account-1999 WHERE ( uid=14 ) [ RunTime:0.0003s ]
SQL: UPDATE `bank_user_details` SET `account`=account+1999 WHERE ( uid=24 ) [ RunTime:0.0002s ]
NOTIC: [8] Undefined index: validate D:\wamp\www\thinkphp\ThinkPHP\Library\Think\Model.class.php 第 1185 行.
NOTIC: [8] Undefined index: auto D:\wamp\www\thinkphp\ThinkPHP\Library\Think\Model.class.php 第 1128 行.
SQL: INSERT INTO `bank_order` (`source`,`gather`,`time`,`money`,`ordernum`) VALUES ('14','24','1451566369','1999','981451565668786') [ RunTime:0.0003s ]
SQL: SHOW COLUMNS FROM `bank_company` [ RunTime:0.0097s ]
SQL: SELECT `resulturl` FROM `bank_company` WHERE ( uid=24 ) LIMIT 1   [ RunTime:0.0007s ]
INFO: [ app_end ] --START--
INFO: Run Behavior\ShowPageTraceBehavior [ RunTime:0.002620s ]
INFO: [ app_end ] --END-- [ RunTime:0.002916s ]

[ 2015-12-31T20:55:23+08:00 ] 192.168.122.119 /index.php/Home/Order/PCode.html
INFO: [ app_begin ] --START--
INFO: Run Behavior\ReadHtmlCacheBehavior [ RunTime:0.000832s ]
INFO: [ app_begin ] --END-- [ RunTime:0.001340s ]
SQL: SHOW COLUMNS FROM `bank_user` [ RunTime:0.0039s ]
SQL: SELECT * FROM `bank_user` WHERE ( phone=12345678901 ) LIMIT 1   [ RunTime:0.0004s ]

[ 2015-12-31T20:55:24+08:00 ] 192.168.122.119 /index.php/Home/Order/check.html
INFO: [ app_begin ] --START--
INFO: Run Behavior\ReadHtmlCacheBehavior [ RunTime:0.000832s ]
INFO: [ app_begin ] --END-- [ RunTime:0.001347s ]
SQL: SHOW COLUMNS FROM `bank_user` [ RunTime:0.0028s ]
SQL: SELECT * FROM `bank_user` WHERE ( phone=12345678901 and password='202cb962ac59075b964b07152d234b70' ) LIMIT 1   [ RunTime:0.0003s ]
SQL: SHOW COLUMNS FROM `bank_user_details` [ RunTime:0.0028s ]
SQL: SHOW COLUMNS FROM `bank_order` [ RunTime:0.0027s ]
SQL: UPDATE `bank_user_details` SET `account`=account-1999 WHERE ( uid=14 ) [ RunTime:0.0002s ]
SQL: UPDATE `bank_user_details` SET `account`=account+1999 WHERE ( uid=24 ) [ RunTime:0.0002s ]
NOTIC: [8] Undefined index: validate D:\wamp\www\thinkphp\ThinkPHP\Library\Think\Model.class.php 第 1185 行.
NOTIC: [8] Undefined index: auto D:\wamp\www\thinkphp\ThinkPHP\Library\Think\Model.class.php 第 1128 行.
SQL: INSERT INTO `bank_order` (`source`,`gather`,`time`,`money`,`ordernum`) VALUES ('14','24','1451566524','1999','981451565668786') [ RunTime:0.0002s ]
SQL: SHOW COLUMNS FROM `bank_company` [ RunTime:0.0091s ]
SQL: SELECT `resulturl` FROM `bank_company` WHERE ( uid=24 ) LIMIT 1   [ RunTime:0.0012s ]
INFO: [ app_end ] --START--
INFO: Run Behavior\ShowPageTraceBehavior [ RunTime:0.002458s ]
INFO: [ app_end ] --END-- [ RunTime:0.003025s ]

[ 2015-12-31T20:57:09+08:00 ] 192.168.122.119 /index.php/Home/User/checkPhone.html
INFO: [ app_begin ] --START--
INFO: Run Behavior\ReadHtmlCacheBehavior [ RunTime:0.001230s ]
INFO: [ app_begin ] --END-- [ RunTime:0.002698s ]
SQL: SHOW COLUMNS FROM `bank_user` [ RunTime:0.0027s ]
SQL: SELECT * FROM `bank_user` WHERE ( phone='13051130801' ) LIMIT 1   [ RunTime:0.0003s ]
INFO: [ app_end ] --START--
INFO: Run Behavior\ShowPageTraceBehavior [ RunTime:0.000738s ]
INFO: [ app_end ] --END-- [ RunTime:0.000826s ]

