[ 2015-12-27T19:06:52+08:00 ] 127.0.0.1 /index.php/Home/User/checkPhone.html
INFO: [ app_begin ] --START--
INFO: Run Behavior\ReadHtmlCacheBehavior [ RunTime:0.000953s ]
INFO: [ app_begin ] --END-- [ RunTime:0.001608s ]
SQL: SHOW COLUMNS FROM `bank_user` [ RunTime:0.0036s ]
SQL: SELECT * FROM `bank_user` WHERE ( phone='12312312312' ) LIMIT 1   [ RunTime:0.0003s ]
INFO: [ app_end ] --START--
INFO: Run Behavior\ShowPageTraceBehavior [ RunTime:0.000791s ]
INFO: [ app_end ] --END-- [ RunTime:0.000930s ]

[ 2015-12-27T19:06:56+08:00 ] 127.0.0.1 /index.php/Home/User/Home/Index/index
ERR: 非法操作:Home

[ 2015-12-27T19:08:11+08:00 ] 127.0.0.1 /index.php/Home/User/Home/Index/index
ERR: 非法操作:Home

[ 2015-12-27T19:08:54+08:00 ] 127.0.0.1 /index.php/Home/User/Home/Index/index
ERR: 非法操作:Home

[ 2015-12-27T19:09:19+08:00 ] 127.0.0.1 /index.php/Home/User/Home/Index/index
ERR: 非法操作:Home

[ 2015-12-27T19:09:27+08:00 ] 127.0.0.1 /index.php/Home/User/Index/index
ERR: 非法操作:Index

[ 2015-12-27T19:40:16+08:00 ] 127.0.0.1 /index.php/Home/User/checkPhone.html
INFO: [ app_begin ] --START--
INFO: Run Behavior\ReadHtmlCacheBehavior [ RunTime:0.000720s ]
INFO: [ app_begin ] --END-- [ RunTime:0.001331s ]
SQL: SHOW COLUMNS FROM `bank_user` [ RunTime:0.0031s ]
SQL: SELECT * FROM `bank_user` WHERE ( phone='12345678901' ) LIMIT 1   [ RunTime:0.0003s ]
INFO: [ app_end ] --START--
INFO: Run Behavior\ShowPageTraceBehavior [ RunTime:0.000635s ]
INFO: [ app_end ] --END-- [ RunTime:0.000714s ]

[ 2015-12-27T19:40:28+08:00 ] 127.0.0.1 /index.php/Home/User/checkRegister.html
INFO: [ app_begin ] --START--
INFO: Run Behavior\ReadHtmlCacheBehavior [ RunTime:0.000442s ]
INFO: [ app_begin ] --END-- [ RunTime:0.000810s ]
SQL: SHOW COLUMNS FROM `bank_user` [ RunTime:0.0026s ]
NOTIC: [8] Undefined index: validate D:\wamp\www\thinkphp\ThinkPHP\Library\Think\Model.class.php 第 1185 行.
NOTIC: [8] Undefined index: auto D:\wamp\www\thinkphp\ThinkPHP\Library\Think\Model.class.php 第 1128 行.
SQL: INSERT INTO `bank_user` (`phone`,`password`) VALUES ('12345678901','202cb962ac59075b964b07152d234b70') [ RunTime:0.0782s ]
SQL: SHOW COLUMNS FROM `bank_user_details` [ RunTime:0.0083s ]
SQL: INSERT INTO `bank_user_details` (`uid`,`account`,`level`,`kahao`) VALUES ('14','1000000','1','32935637') [ RunTime:0.0327s ]
INFO: [ app_end ] --START--
INFO: Run Behavior\ShowPageTraceBehavior [ RunTime:0.002173s ]
INFO: [ app_end ] --END-- [ RunTime:0.002468s ]

[ 2015-12-27T19:43:59+08:00 ] 127.0.0.1 /index.php/Home/User/checkPhone.html
INFO: [ app_begin ] --START--
INFO: Run Behavior\ReadHtmlCacheBehavior [ RunTime:0.000915s ]
INFO: [ app_begin ] --END-- [ RunTime:0.001577s ]
SQL: SHOW COLUMNS FROM `bank_user` [ RunTime:0.0033s ]
SQL: SELECT * FROM `bank_user` WHERE ( phone='13256899874' ) LIMIT 1   [ RunTime:0.0004s ]
INFO: [ app_end ] --START--
INFO: Run Behavior\ShowPageTraceBehavior [ RunTime:0.001193s ]
INFO: [ app_end ] --END-- [ RunTime:0.001419s ]

[ 2015-12-27T19:44:07+08:00 ] 127.0.0.1 /index.php/Home/User/checkRegister.html
INFO: [ app_begin ] --START--
INFO: Run Behavior\ReadHtmlCacheBehavior [ RunTime:0.000571s ]
INFO: [ app_begin ] --END-- [ RunTime:0.000958s ]
SQL: SHOW COLUMNS FROM `bank_user` [ RunTime:0.0025s ]
NOTIC: [8] Undefined index: validate D:\wamp\www\thinkphp\ThinkPHP\Library\Think\Model.class.php 第 1185 行.
NOTIC: [8] Undefined index: auto D:\wamp\www\thinkphp\ThinkPHP\Library\Think\Model.class.php 第 1128 行.
SQL: INSERT INTO `bank_user` (`phone`,`password`) VALUES ('13256899874','202cb962ac59075b964b07152d234b70') [ RunTime:0.0613s ]
SQL: SHOW COLUMNS FROM `bank_user_details` [ RunTime:0.0091s ]
SQL: INSERT INTO `bank_user_details` (`uid`,`account`,`level`,`kahao`) VALUES ('15','1000000','1','11950331') [ RunTime:0.1654s ]
INFO: [ app_end ] --START--
INFO: Run Behavior\ShowPageTraceBehavior [ RunTime:0.002160s ]
INFO: [ app_end ] --END-- [ RunTime:0.002467s ]

[ 2015-12-27T19:44:26+08:00 ] 127.0.0.1 /index.php/Home/User/checkPhone.html
INFO: [ app_begin ] --START--
INFO: Run Behavior\ReadHtmlCacheBehavior [ RunTime:0.000570s ]
INFO: [ app_begin ] --END-- [ RunTime:0.000978s ]
SQL: SHOW COLUMNS FROM `bank_user` [ RunTime:0.0031s ]
SQL: SELECT * FROM `bank_user` WHERE ( phone='13265478965' ) LIMIT 1   [ RunTime:0.0003s ]
INFO: [ app_end ] --START--
INFO: Run Behavior\ShowPageTraceBehavior [ RunTime:0.000657s ]
INFO: [ app_end ] --END-- [ RunTime:0.000742s ]

[ 2015-12-27T19:44:30+08:00 ] 127.0.0.1 /index.php/Home/User/checkRegister.html
INFO: [ app_begin ] --START--
INFO: Run Behavior\ReadHtmlCacheBehavior [ RunTime:0.000482s ]
INFO: [ app_begin ] --END-- [ RunTime:0.000873s ]
SQL: SHOW COLUMNS FROM `bank_user` [ RunTime:0.0036s ]
NOTIC: [8] Undefined index: validate D:\wamp\www\thinkphp\ThinkPHP\Library\Think\Model.class.php 第 1185 行.
NOTIC: [8] Undefined index: auto D:\wamp\www\thinkphp\ThinkPHP\Library\Think\Model.class.php 第 1128 行.
SQL: INSERT INTO `bank_user` (`phone`,`password`) VALUES ('13265478965','202cb962ac59075b964b07152d234b70') [ RunTime:0.0705s ]
SQL: SHOW COLUMNS FROM `bank_user_details` [ RunTime:0.0086s ]
SQL: INSERT INTO `bank_user_details` (`uid`,`account`,`level`,`kahao`) VALUES ('16','1000000','1','21569378') [ RunTime:0.0656s ]
INFO: [ app_end ] --START--
INFO: Run Behavior\ShowPageTraceBehavior [ RunTime:0.001215s ]
INFO: [ app_end ] --END-- [ RunTime:0.001353s ]

[ 2015-12-27T20:04:56+08:00 ] 127.0.0.1 /index.php/Home/Index/index.html
ERR: 1064:You have an error in your SQL syntax; check the manual that corresponds to your MySQL server version for the right syntax to use near 'from=16 ) ORDER BY id desc' at line 1
 [ SQL语句 ] : SELECT * FROM `bank_order` WHERE ( from=16 ) ORDER BY id desc 

[ 2015-12-27T20:07:48+08:00 ] 127.0.0.1 /index.php/Home/Index/index.html
ERR: 1064:You have an error in your SQL syntax; check the manual that corresponds to your MySQL server version for the right syntax to use near 'from='16' ) ORDER BY id desc' at line 1
 [ SQL语句 ] : SELECT * FROM `bank_order` WHERE ( from='16' ) ORDER BY id desc 

[ 2015-12-27T20:08:36+08:00 ] 127.0.0.1 /index.php/Home/Index/index.html
ERR: 1064:You have an error in your SQL syntax; check the manual that corresponds to your MySQL server version for the right syntax to use near 'from=16 ) ORDER BY id desc' at line 1
 [ SQL语句 ] : SELECT * FROM `bank_order` WHERE ( from=16 ) ORDER BY id desc 

