[ 2016-07-07T19:59:31+08:00 ] ::1 /zhangdi/youku/thinkphp/index.php/Home/User/checkLogin.html
ERR: SQLSTATE[HY000] [1049] Unknown database 'think_bank'

[ 2016-07-07T20:00:11+08:00 ] ::1 /zhangdi/youku/thinkphp/index.php/Home/User/checkLogin.html
ERR: SQLSTATE[HY000] [1049] Unknown database 'think_bank'

[ 2016-07-07T20:08:25+08:00 ] ::1 /zhangdi/youku/thinkphp/index.php/Home/User/checkLogin.html
ERR: SQLSTATE[HY000] [1049] Unknown database 'think_bank'

[ 2016-07-07T20:08:27+08:00 ] ::1 /zhangdi/youku/thinkphp/index.php/Home/User/checkLogin.html
ERR: SQLSTATE[HY000] [1049] Unknown database 'think_bank'

[ 2016-07-07T20:08:37+08:00 ] ::1 /zhangdi/youku/thinkphp/index.php/Home/User/checkLogin.html
ERR: SQLSTATE[HY000] [1049] Unknown database 'think_bank'

[ 2016-07-07T20:16:56+08:00 ] ::1 /zhangdi/youku/thinkphp/index.php/Home/User/checkLogin.html
ERR: 1146:Table 'feiyue.bank_user' doesn't exist
 [ SQL语句 ] : SHOW COLUMNS FROM `bank_user`

[ 2016-07-07T20:17:47+08:00 ] ::1 /zhangdi/youku/thinkphp/index.php/Home/User/checkLogin.html
ERR: 1146:Table 'feiyue.bank_user' doesn't exist
 [ SQL语句 ] : SHOW COLUMNS FROM `bank_user`

[ 2016-07-07T20:18:12+08:00 ] ::1 /zhangdi/youku/thinkphp/index.php/Home/User/checkPhone.html
INFO: [ app_begin ] --START--
INFO: Run Behavior\ReadHtmlCacheBehavior [ RunTime:0.001000s ]
INFO: [ app_begin ] --END-- [ RunTime:0.002000s ]
ERR: 1146:Table 'feiyue.bank_user' doesn't exist
 [ SQL语句 ] : SHOW COLUMNS FROM `bank_user`
ERR: 1146:Table 'feiyue.bank_user' doesn't exist
 [ SQL语句 ] : SHOW COLUMNS FROM `bank_user`

[ 2016-07-07T20:18:25+08:00 ] ::1 /zhangdi/youku/thinkphp/index.php/Home/User/checkRegister.html
INFO: [ app_begin ] --START--
INFO: Run Behavior\ReadHtmlCacheBehavior [ RunTime:0.001000s ]
INFO: [ app_begin ] --END-- [ RunTime:0.001000s ]
ERR: 1146:Table 'feiyue.bank_user' doesn't exist
 [ SQL语句 ] : SHOW COLUMNS FROM `bank_user`
ERR: 1146:Table 'feiyue.bank_user' doesn't exist
 [ SQL语句 ] : SHOW COLUMNS FROM `bank_user`

[ 2016-07-07T20:18:27+08:00 ] ::1 /zhangdi/youku/thinkphp/index.php/Home/User/checkRegister.html
INFO: [ app_begin ] --START--
INFO: Run Behavior\ReadHtmlCacheBehavior [ RunTime:0.001000s ]
INFO: [ app_begin ] --END-- [ RunTime:0.001000s ]
ERR: 1146:Table 'feiyue.bank_user' doesn't exist
 [ SQL语句 ] : SHOW COLUMNS FROM `bank_user`
ERR: 1146:Table 'feiyue.bank_user' doesn't exist
 [ SQL语句 ] : SHOW COLUMNS FROM `bank_user`

[ 2016-07-07T20:18:27+08:00 ] ::1 /zhangdi/youku/thinkphp/index.php/Home/User/checkRegister.html
INFO: [ app_begin ] --START--
INFO: Run Behavior\ReadHtmlCacheBehavior [ RunTime:0.001000s ]
INFO: [ app_begin ] --END-- [ RunTime:0.002000s ]
ERR: 1146:Table 'feiyue.bank_user' doesn't exist
 [ SQL语句 ] : SHOW COLUMNS FROM `bank_user`
ERR: 1146:Table 'feiyue.bank_user' doesn't exist
 [ SQL语句 ] : SHOW COLUMNS FROM `bank_user`

[ 2016-07-07T20:18:28+08:00 ] ::1 /zhangdi/youku/thinkphp/index.php/Home/User/checkRegister.html
INFO: [ app_begin ] --START--
INFO: Run Behavior\ReadHtmlCacheBehavior [ RunTime:0.000000s ]
INFO: [ app_begin ] --END-- [ RunTime:0.001000s ]
ERR: 1146:Table 'feiyue.bank_user' doesn't exist
 [ SQL语句 ] : SHOW COLUMNS FROM `bank_user`
ERR: 1146:Table 'feiyue.bank_user' doesn't exist
 [ SQL语句 ] : SHOW COLUMNS FROM `bank_user`

[ 2016-07-07T20:18:28+08:00 ] ::1 /zhangdi/youku/thinkphp/index.php/Home/User/checkRegister.html
INFO: [ app_begin ] --START--
INFO: Run Behavior\ReadHtmlCacheBehavior [ RunTime:0.001000s ]
INFO: [ app_begin ] --END-- [ RunTime:0.001000s ]
ERR: 1146:Table 'feiyue.bank_user' doesn't exist
 [ SQL语句 ] : SHOW COLUMNS FROM `bank_user`
ERR: 1146:Table 'feiyue.bank_user' doesn't exist
 [ SQL语句 ] : SHOW COLUMNS FROM `bank_user`

