[ 2016-07-04T21:17:46+08:00 ] ::1 /s45-----------------------------/email/
INFO: [ app_init ] --START--
INFO: Run Behavior\BuildLiteBehavior [ RunTime:0.000000s ]
INFO: [ app_init ] --END-- [ RunTime:0.000000s ]
INFO: [ app_begin ] --START--
INFO: Run Behavior\ReadHtmlCacheBehavior [ RunTime:0.004000s ]
INFO: [ app_begin ] --END-- [ RunTime:0.004000s ]
INFO: [ view_parse ] --START--
INFO: [ template_filter ] --START--
INFO: Run Behavior\ContentReplaceBehavior [ RunTime:0.014000s ]
INFO: [ template_filter ] --END-- [ RunTime:0.014000s ]
INFO: Run Behavior\ParseTemplateBehavior [ RunTime:0.059003s ]
INFO: [ view_parse ] --END-- [ RunTime:0.059003s ]
INFO: [ view_filter ] --START--
INFO: Run Behavior\WriteHtmlCacheBehavior [ RunTime:0.003000s ]
INFO: [ view_filter ] --END-- [ RunTime:0.004000s ]
INFO: [ app_end ] --START--
INFO: Run Behavior\ShowPageTraceBehavior [ RunTime:0.005000s ]
INFO: [ app_end ] --END-- [ RunTime:0.006001s ]

[ 2016-07-04T21:17:52+08:00 ] ::1 /s45-----------------------------/email/index.php
INFO: [ app_init ] --START--
INFO: Run Behavior\BuildLiteBehavior [ RunTime:0.000000s ]
INFO: [ app_init ] --END-- [ RunTime:0.001000s ]
INFO: [ app_begin ] --START--
INFO: Run Behavior\ReadHtmlCacheBehavior [ RunTime:0.002000s ]
INFO: [ app_begin ] --END-- [ RunTime:0.002000s ]
INFO: [ view_parse ] --START--
INFO: Run Behavior\ParseTemplateBehavior [ RunTime:0.002000s ]
INFO: [ view_parse ] --END-- [ RunTime:0.002000s ]
INFO: [ view_filter ] --START--
INFO: Run Behavior\WriteHtmlCacheBehavior [ RunTime:0.002000s ]
INFO: [ view_filter ] --END-- [ RunTime:0.002000s ]
INFO: [ app_end ] --START--
INFO: Run Behavior\ShowPageTraceBehavior [ RunTime:0.003000s ]
INFO: [ app_end ] --END-- [ RunTime:0.003000s ]

[ 2016-07-04T21:43:18+08:00 ] ::1 /s45-----------------------------/email/index.php
ERR: 模板不存在:App/Home/View/Index/index.html

[ 2016-07-04T21:45:11+08:00 ] ::1 /s45-----------------------------/email/index.php
ERR: 模板不存在:App/Home/View/Index/index.html

[ 2016-07-04T21:45:14+08:00 ] ::1 /s45-----------------------------/email/index.php
ERR: 模板不存在:App/Home/View/Index/index.html

[ 2016-07-04T21:45:17+08:00 ] ::1 /s45-----------------------------/email/index.php
ERR: 模板不存在:App/Home/View/Index/index.html

[ 2016-07-04T21:45:17+08:00 ] ::1 /s45-----------------------------/email/index.php
ERR: 模板不存在:App/Home/View/Index/index.html

[ 2016-07-04T21:45:18+08:00 ] ::1 /s45-----------------------------/email/index.php
ERR: 模板不存在:App/Home/View/Index/index.html

[ 2016-07-04T21:45:18+08:00 ] ::1 /s45-----------------------------/email/index.php
ERR: 模板不存在:App/Home/View/Index/index.html

[ 2016-07-04T21:46:06+08:00 ] ::1 /s45-----------------------------/email/index.php/Index/sms.html?num=18217446084&message=234&sms=%E6%8F%90%E4%BA%A4
ERR: 非法操作:sms

[ 2016-07-04T22:17:33+08:00 ] ::1 /s45-----------------------------/email/index.php/Index/sms.html
INFO: [ app_begin ] --START--
INFO: Run Behavior\ReadHtmlCacheBehavior [ RunTime:0.000000s ]
INFO: [ app_begin ] --END-- [ RunTime:0.010000s ]
ERR: 参数错误或者未定义:curlPost

[ 2016-07-04T22:18:10+08:00 ] ::1 /s45-----------------------------/email/index.php/Index/sms.html
INFO: [ app_begin ] --START--
INFO: Run Behavior\ReadHtmlCacheBehavior [ RunTime:0.004000s ]
INFO: [ app_begin ] --END-- [ RunTime:0.005000s ]
ERR: 参数错误或者未定义:curlPost

[ 2016-07-04T22:19:36+08:00 ] ::1 /s45-----------------------------/email/index.php/Index/sms.html
INFO: [ app_begin ] --START--
INFO: Run Behavior\ReadHtmlCacheBehavior [ RunTime:0.002000s ]
INFO: [ app_begin ] --END-- [ RunTime:0.003000s ]
ERR: 参数错误或者未定义:curlPost

[ 2016-07-04T22:20:58+08:00 ] ::1 /s45-----------------------------/email/index.php/Index/sms.html
INFO: [ app_begin ] --START--
INFO: Run Behavior\ReadHtmlCacheBehavior [ RunTime:0.010000s ]
INFO: [ app_begin ] --END-- [ RunTime:0.010000s ]
ERR: 参数错误或者未定义:curlPost

[ 2016-07-04T22:21:15+08:00 ] ::1 /s45-----------------------------/email/index.php/Home/sms.html
INFO: [ app_begin ] --START--
INFO: Run Behavior\ReadHtmlCacheBehavior [ RunTime:0.010000s ]
INFO: [ app_begin ] --END-- [ RunTime:0.010000s ]
ERR: 无法加载控制器:Sms

[ 2016-07-04T22:21:32+08:00 ] ::1 /s45-----------------------------/email/index.php/Home/Index/sms.html
INFO: [ app_begin ] --START--
INFO: Run Behavior\ReadHtmlCacheBehavior [ RunTime:0.004000s ]
INFO: [ app_begin ] --END-- [ RunTime:0.005000s ]
ERR: 参数错误或者未定义:curlPost

[ 2016-07-04T22:21:55+08:00 ] ::1 /s45-----------------------------/email/index.php/home/index/sms
ERR: 参数错误或者未定义:curlPost

[ 2016-07-04T22:23:46+08:00 ] ::1 /s45-----------------------------/email/index.php/Home/Index/sms.html
INFO: [ app_begin ] --START--
INFO: Run Behavior\ReadHtmlCacheBehavior [ RunTime:0.002000s ]
INFO: [ app_begin ] --END-- [ RunTime:0.003000s ]
NOTIC: [8] A session had already been started - ignoring session_start() D:\wamp\www\s45-----------------------------\email\App\Home\Controller\IndexController.class.php 第 29 行.
INFO: [ app_end ] --START--
INFO: Run Behavior\ShowPageTraceBehavior [ RunTime:0.003000s ]
INFO: [ app_end ] --END-- [ RunTime:0.003000s ]

[ 2016-07-04T22:23:56+08:00 ] ::1 /s45-----------------------------/email/index.php/Home/Index/sms.html
INFO: [ app_begin ] --START--
INFO: Run Behavior\ReadHtmlCacheBehavior [ RunTime:0.010000s ]
INFO: [ app_begin ] --END-- [ RunTime:0.010000s ]
NOTIC: [8] A session had already been started - ignoring session_start() D:\wamp\www\s45-----------------------------\email\App\Home\Controller\IndexController.class.php 第 29 行.
INFO: [ app_end ] --START--
INFO: Run Behavior\ShowPageTraceBehavior [ RunTime:0.000000s ]
INFO: [ app_end ] --END-- [ RunTime:0.000000s ]

[ 2016-07-04T22:25:10+08:00 ] ::1 /s45-----------------------------/email/index.php/Home/Index/sms.html
INFO: [ app_begin ] --START--
INFO: Run Behavior\ReadHtmlCacheBehavior [ RunTime:0.010000s ]
INFO: [ app_begin ] --END-- [ RunTime:0.010000s ]
NOTIC: [8] A session had already been started - ignoring session_start() D:\wamp\www\s45-----------------------------\email\App\Home\Controller\IndexController.class.php 第 29 行.
INFO: [ app_end ] --START--
INFO: Run Behavior\ShowPageTraceBehavior [ RunTime:0.000000s ]
INFO: [ app_end ] --END-- [ RunTime:0.000000s ]

[ 2016-07-04T22:25:52+08:00 ] ::1 /s45-----------------------------/email/index.php/Home/Index/sms.html
INFO: [ app_begin ] --START--
INFO: Run Behavior\ReadHtmlCacheBehavior [ RunTime:0.011001s ]
INFO: [ app_begin ] --END-- [ RunTime:0.012001s ]
NOTIC: [8] A session had already been started - ignoring session_start() D:\wamp\www\s45-----------------------------\email\App\Home\Controller\IndexController.class.php 第 29 行.
INFO: [ app_end ] --START--
INFO: Run Behavior\ShowPageTraceBehavior [ RunTime:0.000000s ]
INFO: [ app_end ] --END-- [ RunTime:0.000000s ]

